[ 2017-01-09T14:29:54+08:00 ] ::1 /ling_test/ling/test/testOneAction
INFO: [ app_init ] --START--
INFO: Run Behavior\BuildLiteBehavior [ RunTime:0.000020s ]
INFO: [ app_init ] --END-- [ RunTime:0.000470s ]
INFO: [ app_begin ] --START--
INFO: Run Behavior\ReadHtmlCacheBehavior [ RunTime:0.000652s ]
INFO: [ app_begin ] --END-- [ RunTime:0.000720s ]
NOTIC: [2] Missing argument 1 for Common\Logic\BaseController::_initialize(), called in /Library/WebServer/Documents/ling_test/ThinkPHP/Library/Think/Controller.class.php on line 41 and defined /Library/WebServer/Documents/ling_test/Application/Common/Logic/BaseController.class.php 第 46 行.
NOTIC: [8] Undefined index: p /Library/WebServer/Documents/ling_test/Application/Common/Logic/BaseController.class.php 第 22 行.
NOTIC: [8] Undefined index: pageSize /Library/WebServer/Documents/ling_test/Application/Common/Logic/BaseController.class.php 第 25 行.
NOTIC: [8] Undefined variable: initParams /Library/WebServer/Documents/ling_test/Application/Common/Logic/BaseController.class.php 第 52 行.
NOTIC: [8] Undefined variable: initParams /Library/WebServer/Documents/ling_test/Application/Common/Logic/BaseController.class.php 第 56 行.
NOTIC: [8] Undefined index: testoneaction /Library/WebServer/Documents/ling_test/Application/Common/Util/Rbac.class.php 第 20 行.

[ 2017-01-09T14:29:58+08:00 ] ::1 /ling_test/Ling/Test/testOne?selectMenu1Id=6&selectMenu2Id=7
INFO: [ app_init ] --START--
INFO: Run Behavior\BuildLiteBehavior [ RunTime:0.000021s ]
INFO: [ app_init ] --END-- [ RunTime:0.000293s ]
INFO: [ app_begin ] --START--
INFO: Run Behavior\ReadHtmlCacheBehavior [ RunTime:0.000360s ]
INFO: [ app_begin ] --END-- [ RunTime:0.000452s ]
NOTIC: [2] Missing argument 1 for Common\Logic\BaseController::_initialize(), called in /Library/WebServer/Documents/ling_test/ThinkPHP/Library/Think/Controller.class.php on line 41 and defined /Library/WebServer/Documents/ling_test/Application/Common/Logic/BaseController.class.php 第 46 行.
NOTIC: [8] Undefined index: p /Library/WebServer/Documents/ling_test/Application/Common/Logic/BaseController.class.php 第 22 行.
NOTIC: [8] Undefined index: pageSize /Library/WebServer/Documents/ling_test/Application/Common/Logic/BaseController.class.php 第 25 行.
NOTIC: [8] Undefined variable: initParams /Library/WebServer/Documents/ling_test/Application/Common/Logic/BaseController.class.php 第 52 行.
NOTIC: [8] Undefined variable: initParams /Library/WebServer/Documents/ling_test/Application/Common/Logic/BaseController.class.php 第 56 行.
NOTIC: [2] Missing argument 1 for I(), called in /Library/WebServer/Documents/ling_test/Application/Common/Util/Operation.class.php on line 30 and defined /Library/WebServer/Documents/ling_test/ThinkPHP/Common/functions.php 第 271 行.
NOTIC: [8] Undefined variable: name /Library/WebServer/Documents/ling_test/ThinkPHP/Common/functions.php 第 273 行.
NOTIC: [8] Undefined variable: name /Library/WebServer/Documents/ling_test/ThinkPHP/Common/functions.php 第 278 行.
NOTIC: [8] Undefined variable: name /Library/WebServer/Documents/ling_test/ThinkPHP/Common/functions.php 第 339 行.
INFO: [ view_parse ] --START--
INFO: [ template_filter ] --START--
INFO: Run Behavior\ContentReplaceBehavior [ RunTime:0.000078s ]
INFO: [ template_filter ] --END-- [ RunTime:0.000159s ]
INFO: Run Behavior\ParseTemplateBehavior [ RunTime:0.051254s ]
INFO: [ view_parse ] --END-- [ RunTime:0.051330s ]
INFO: [ view_filter ] --START--
INFO: Run Behavior\WriteHtmlCacheBehavior [ RunTime:0.021119s ]
INFO: [ view_filter ] --END-- [ RunTime:0.021193s ]
INFO: [ app_end ] --START--
INFO: Run Behavior\ShowPageTraceBehavior [ RunTime:0.000709s ]
INFO: [ app_end ] --END-- [ RunTime:0.000777s ]

[ 2017-01-09T14:29:59+08:00 ] ::1 /ling_test/Ling/Test/testOne?selectMenu1Id=6&selectMenu2Id=7
INFO: [ app_init ] --START--
INFO: Run Behavior\BuildLiteBehavior [ RunTime:0.000018s ]
INFO: [ app_init ] --END-- [ RunTime:0.000264s ]
INFO: [ app_begin ] --START--
INFO: Run Behavior\ReadHtmlCacheBehavior [ RunTime:0.000297s ]
INFO: [ app_begin ] --END-- [ RunTime:0.000376s ]
NOTIC: [2] Missing argument 1 for Common\Logic\BaseController::_initialize(), called in /Library/WebServer/Documents/ling_test/ThinkPHP/Library/Think/Controller.class.php on line 41 and defined /Library/WebServer/Documents/ling_test/Application/Common/Logic/BaseController.class.php 第 46 行.
NOTIC: [8] Undefined index: p /Library/WebServer/Documents/ling_test/Application/Common/Logic/BaseController.class.php 第 22 行.
NOTIC: [8] Undefined index: pageSize /Library/WebServer/Documents/ling_test/Application/Common/Logic/BaseController.class.php 第 25 行.
NOTIC: [8] Undefined variable: initParams /Library/WebServer/Documents/ling_test/Application/Common/Logic/BaseController.class.php 第 52 行.
NOTIC: [8] Undefined variable: initParams /Library/WebServer/Documents/ling_test/Application/Common/Logic/BaseController.class.php 第 56 行.
NOTIC: [2] Missing argument 1 for I(), called in /Library/WebServer/Documents/ling_test/Application/Common/Util/Operation.class.php on line 30 and defined /Library/WebServer/Documents/ling_test/ThinkPHP/Common/functions.php 第 271 行.
NOTIC: [8] Undefined variable: name /Library/WebServer/Documents/ling_test/ThinkPHP/Common/functions.php 第 273 行.
NOTIC: [8] Undefined variable: name /Library/WebServer/Documents/ling_test/ThinkPHP/Common/functions.php 第 278 行.
NOTIC: [8] Undefined variable: name /Library/WebServer/Documents/ling_test/ThinkPHP/Common/functions.php 第 339 行.
INFO: [ view_parse ] --START--
INFO: [ template_filter ] --START--
INFO: Run Behavior\ContentReplaceBehavior [ RunTime:0.000082s ]
INFO: [ template_filter ] --END-- [ RunTime:0.000167s ]
INFO: Run Behavior\ParseTemplateBehavior [ RunTime:0.007905s ]
INFO: [ view_parse ] --END-- [ RunTime:0.008035s ]
INFO: [ view_filter ] --START--
INFO: Run Behavior\WriteHtmlCacheBehavior [ RunTime:0.000215s ]
INFO: [ view_filter ] --END-- [ RunTime:0.000284s ]
INFO: [ app_end ] --START--
INFO: Run Behavior\ShowPageTraceBehavior [ RunTime:0.000293s ]
INFO: [ app_end ] --END-- [ RunTime:0.000360s ]

[ 2017-01-09T14:30:00+08:00 ] ::1 /ling_test/ling/test/testOneAction
INFO: [ app_init ] --START--
INFO: Run Behavior\BuildLiteBehavior [ RunTime:0.000019s ]
INFO: [ app_init ] --END-- [ RunTime:0.000269s ]
INFO: [ app_begin ] --START--
INFO: Run Behavior\ReadHtmlCacheBehavior [ RunTime:0.000252s ]
INFO: [ app_begin ] --END-- [ RunTime:0.000312s ]
NOTIC: [2] Missing argument 1 for Common\Logic\BaseController::_initialize(), called in /Library/WebServer/Documents/ling_test/ThinkPHP/Library/Think/Controller.class.php on line 41 and defined /Library/WebServer/Documents/ling_test/Application/Common/Logic/BaseController.class.php 第 46 行.
NOTIC: [8] Undefined index: p /Library/WebServer/Documents/ling_test/Application/Common/Logic/BaseController.class.php 第 22 行.
NOTIC: [8] Undefined index: pageSize /Library/WebServer/Documents/ling_test/Application/Common/Logic/BaseController.class.php 第 25 行.
NOTIC: [8] Undefined variable: initParams /Library/WebServer/Documents/ling_test/Application/Common/Logic/BaseController.class.php 第 52 行.
NOTIC: [8] Undefined variable: initParams /Library/WebServer/Documents/ling_test/Application/Common/Logic/BaseController.class.php 第 56 行.
NOTIC: [8] Undefined index: testoneaction /Library/WebServer/Documents/ling_test/Application/Common/Util/Rbac.class.php 第 20 行.

[ 2017-01-09T14:47:02+08:00 ] ::1 /ling_test/Ling/Test/testOne?selectMenu1Id=6&selectMenu2Id=7
INFO: [ app_init ] --START--
INFO: Run Behavior\BuildLiteBehavior [ RunTime:0.000019s ]
INFO: [ app_init ] --END-- [ RunTime:0.000269s ]
INFO: [ app_begin ] --START--
INFO: Run Behavior\ReadHtmlCacheBehavior [ RunTime:0.000283s ]
INFO: [ app_begin ] --END-- [ RunTime:0.000403s ]
NOTIC: [8] Undefined index: p /Library/WebServer/Documents/ling_test/Application/Common/Logic/BaseController.class.php 第 22 行.
NOTIC: [8] Undefined index: pageSize /Library/WebServer/Documents/ling_test/Application/Common/Logic/BaseController.class.php 第 25 行.
NOTIC: [8] Undefined index: isIgnoreLogin /Library/WebServer/Documents/ling_test/Application/Common/Logic/BaseController.class.php 第 52 行.
NOTIC: [8] Undefined index: isIgnoreAuth /Library/WebServer/Documents/ling_test/Application/Common/Logic/BaseController.class.php 第 56 行.
NOTIC: [2] Missing argument 1 for I(), called in /Library/WebServer/Documents/ling_test/Application/Common/Util/Operation.class.php on line 30 and defined /Library/WebServer/Documents/ling_test/ThinkPHP/Common/functions.php 第 271 行.
NOTIC: [8] Undefined variable: name /Library/WebServer/Documents/ling_test/ThinkPHP/Common/functions.php 第 273 行.
NOTIC: [8] Undefined variable: name /Library/WebServer/Documents/ling_test/ThinkPHP/Common/functions.php 第 278 行.
NOTIC: [8] Undefined variable: name /Library/WebServer/Documents/ling_test/ThinkPHP/Common/functions.php 第 339 行.
INFO: [ view_parse ] --START--
INFO: [ template_filter ] --START--
INFO: Run Behavior\ContentReplaceBehavior [ RunTime:0.000076s ]
INFO: [ template_filter ] --END-- [ RunTime:0.000153s ]
INFO: Run Behavior\ParseTemplateBehavior [ RunTime:0.029570s ]
INFO: [ view_parse ] --END-- [ RunTime:0.029644s ]
INFO: [ view_filter ] --START--
INFO: Run Behavior\WriteHtmlCacheBehavior [ RunTime:0.000148s ]
INFO: [ view_filter ] --END-- [ RunTime:0.000220s ]
INFO: [ app_end ] --START--
INFO: Run Behavior\ShowPageTraceBehavior [ RunTime:0.000294s ]
INFO: [ app_end ] --END-- [ RunTime:0.000362s ]

[ 2017-01-09T14:47:03+08:00 ] ::1 /ling_test/ling/test/testOneAction
INFO: [ app_init ] --START--
INFO: Run Behavior\BuildLiteBehavior [ RunTime:0.000019s ]
INFO: [ app_init ] --END-- [ RunTime:0.000274s ]
INFO: [ app_begin ] --START--
INFO: Run Behavior\ReadHtmlCacheBehavior [ RunTime:0.000251s ]
INFO: [ app_begin ] --END-- [ RunTime:0.000309s ]
NOTIC: [8] Undefined index: p /Library/WebServer/Documents/ling_test/Application/Common/Logic/BaseController.class.php 第 22 行.
NOTIC: [8] Undefined index: pageSize /Library/WebServer/Documents/ling_test/Application/Common/Logic/BaseController.class.php 第 25 行.
NOTIC: [8] Undefined index: isIgnoreLogin /Library/WebServer/Documents/ling_test/Application/Common/Logic/BaseController.class.php 第 52 行.
NOTIC: [8] Undefined index: isIgnoreAuth /Library/WebServer/Documents/ling_test/Application/Common/Logic/BaseController.class.php 第 56 行.
NOTIC: [8] Undefined index: testoneaction /Library/WebServer/Documents/ling_test/Application/Common/Util/Rbac.class.php 第 20 行.

[ 2017-01-09T14:47:44+08:00 ] ::1 /ling_test/ling/test/test_one
INFO: [ app_init ] --START--
INFO: Run Behavior\BuildLiteBehavior [ RunTime:0.000017s ]
INFO: [ app_init ] --END-- [ RunTime:0.000239s ]
INFO: [ app_begin ] --START--
INFO: Run Behavior\ReadHtmlCacheBehavior [ RunTime:0.000272s ]
INFO: [ app_begin ] --END-- [ RunTime:0.000335s ]
NOTIC: [8] Undefined index: p /Library/WebServer/Documents/ling_test/Application/Common/Logic/BaseController.class.php 第 22 行.
NOTIC: [8] Undefined index: pageSize /Library/WebServer/Documents/ling_test/Application/Common/Logic/BaseController.class.php 第 25 行.
NOTIC: [8] Undefined index: isIgnoreLogin /Library/WebServer/Documents/ling_test/Application/Common/Logic/BaseController.class.php 第 52 行.
NOTIC: [8] Undefined index: isIgnoreAuth /Library/WebServer/Documents/ling_test/Application/Common/Logic/BaseController.class.php 第 56 行.
NOTIC: [2] Missing argument 1 for I(), called in /Library/WebServer/Documents/ling_test/Application/Common/Util/Operation.class.php on line 30 and defined /Library/WebServer/Documents/ling_test/ThinkPHP/Common/functions.php 第 271 行.
NOTIC: [8] Undefined variable: name /Library/WebServer/Documents/ling_test/ThinkPHP/Common/functions.php 第 273 行.
NOTIC: [8] Undefined variable: name /Library/WebServer/Documents/ling_test/ThinkPHP/Common/functions.php 第 278 行.
NOTIC: [8] Undefined variable: name /Library/WebServer/Documents/ling_test/ThinkPHP/Common/functions.php 第 339 行.

[ 2017-01-09T14:47:46+08:00 ] ::1 /ling_test/ling/test/testOneAction
INFO: [ app_init ] --START--
INFO: Run Behavior\BuildLiteBehavior [ RunTime:0.000017s ]
INFO: [ app_init ] --END-- [ RunTime:0.000252s ]
INFO: [ app_begin ] --START--
INFO: Run Behavior\ReadHtmlCacheBehavior [ RunTime:0.000287s ]
INFO: [ app_begin ] --END-- [ RunTime:0.000354s ]
NOTIC: [8] Undefined index: p /Library/WebServer/Documents/ling_test/Application/Common/Logic/BaseController.class.php 第 22 行.
NOTIC: [8] Undefined index: pageSize /Library/WebServer/Documents/ling_test/Application/Common/Logic/BaseController.class.php 第 25 行.
NOTIC: [8] Undefined index: isIgnoreLogin /Library/WebServer/Documents/ling_test/Application/Common/Logic/BaseController.class.php 第 52 行.
NOTIC: [8] Undefined index: isIgnoreAuth /Library/WebServer/Documents/ling_test/Application/Common/Logic/BaseController.class.php 第 56 行.
NOTIC: [8] Undefined index: testoneaction /Library/WebServer/Documents/ling_test/Application/Common/Util/Rbac.class.php 第 20 行.

[ 2017-01-09T14:47:46+08:00 ] ::1 /ling_test/ling/test/testOneAction
INFO: [ app_init ] --START--
INFO: Run Behavior\BuildLiteBehavior [ RunTime:0.000017s ]
INFO: [ app_init ] --END-- [ RunTime:0.000235s ]
INFO: [ app_begin ] --START--
INFO: Run Behavior\ReadHtmlCacheBehavior [ RunTime:0.000320s ]
INFO: [ app_begin ] --END-- [ RunTime:0.000386s ]
NOTIC: [8] Undefined index: p /Library/WebServer/Documents/ling_test/Application/Common/Logic/BaseController.class.php 第 22 行.
NOTIC: [8] Undefined index: pageSize /Library/WebServer/Documents/ling_test/Application/Common/Logic/BaseController.class.php 第 25 行.
NOTIC: [8] Undefined index: isIgnoreLogin /Library/WebServer/Documents/ling_test/Application/Common/Logic/BaseController.class.php 第 52 行.
NOTIC: [8] Undefined index: isIgnoreAuth /Library/WebServer/Documents/ling_test/Application/Common/Logic/BaseController.class.php 第 56 行.
NOTIC: [8] Undefined index: testoneaction /Library/WebServer/Documents/ling_test/Application/Common/Util/Rbac.class.php 第 20 行.

[ 2017-01-09T14:47:46+08:00 ] ::1 /ling_test/ling/test/testOneAction
INFO: [ app_init ] --START--
INFO: Run Behavior\BuildLiteBehavior [ RunTime:0.000016s ]
INFO: [ app_init ] --END-- [ RunTime:0.000234s ]
INFO: [ app_begin ] --START--
INFO: Run Behavior\ReadHtmlCacheBehavior [ RunTime:0.000269s ]
INFO: [ app_begin ] --END-- [ RunTime:0.000327s ]
NOTIC: [8] Undefined index: p /Library/WebServer/Documents/ling_test/Application/Common/Logic/BaseController.class.php 第 22 行.
NOTIC: [8] Undefined index: pageSize /Library/WebServer/Documents/ling_test/Application/Common/Logic/BaseController.class.php 第 25 行.
NOTIC: [8] Undefined index: isIgnoreLogin /Library/WebServer/Documents/ling_test/Application/Common/Logic/BaseController.class.php 第 52 行.
NOTIC: [8] Undefined index: isIgnoreAuth /Library/WebServer/Documents/ling_test/Application/Common/Logic/BaseController.class.php 第 56 行.
NOTIC: [8] Undefined index: testoneaction /Library/WebServer/Documents/ling_test/Application/Common/Util/Rbac.class.php 第 20 行.

[ 2017-01-09T14:47:49+08:00 ] ::1 /ling_test/Ling/Test/testOne?selectMenu1Id=6&selectMenu2Id=7
INFO: [ app_init ] --START--
INFO: Run Behavior\BuildLiteBehavior [ RunTime:0.000016s ]
INFO: [ app_init ] --END-- [ RunTime:0.000336s ]
INFO: [ app_begin ] --START--
INFO: Run Behavior\ReadHtmlCacheBehavior [ RunTime:0.000436s ]
INFO: [ app_begin ] --END-- [ RunTime:0.000536s ]
NOTIC: [8] Undefined index: p /Library/WebServer/Documents/ling_test/Application/Common/Logic/BaseController.class.php 第 22 行.
NOTIC: [8] Undefined index: pageSize /Library/WebServer/Documents/ling_test/Application/Common/Logic/BaseController.class.php 第 25 行.
NOTIC: [8] Undefined index: isIgnoreLogin /Library/WebServer/Documents/ling_test/Application/Common/Logic/BaseController.class.php 第 52 行.
NOTIC: [8] Undefined index: isIgnoreAuth /Library/WebServer/Documents/ling_test/Application/Common/Logic/BaseController.class.php 第 56 行.
NOTIC: [2] Missing argument 1 for I(), called in /Library/WebServer/Documents/ling_test/Application/Common/Util/Operation.class.php on line 30 and defined /Library/WebServer/Documents/ling_test/ThinkPHP/Common/functions.php 第 271 行.
NOTIC: [8] Undefined variable: name /Library/WebServer/Documents/ling_test/ThinkPHP/Common/functions.php 第 273 行.
NOTIC: [8] Undefined variable: name /Library/WebServer/Documents/ling_test/ThinkPHP/Common/functions.php 第 278 行.
NOTIC: [8] Undefined variable: name /Library/WebServer/Documents/ling_test/ThinkPHP/Common/functions.php 第 339 行.
INFO: [ view_parse ] --START--
INFO: [ template_filter ] --START--
INFO: Run Behavior\ContentReplaceBehavior [ RunTime:0.000073s ]
INFO: [ template_filter ] --END-- [ RunTime:0.000148s ]
INFO: Run Behavior\ParseTemplateBehavior [ RunTime:0.008554s ]
INFO: [ view_parse ] --END-- [ RunTime:0.008627s ]
INFO: [ view_filter ] --START--
INFO: Run Behavior\WriteHtmlCacheBehavior [ RunTime:0.000126s ]
INFO: [ view_filter ] --END-- [ RunTime:0.000187s ]
INFO: [ app_end ] --START--
INFO: Run Behavior\ShowPageTraceBehavior [ RunTime:0.000324s ]
INFO: [ app_end ] --END-- [ RunTime:0.000387s ]

[ 2017-01-09T14:47:51+08:00 ] ::1 /ling_test/ling/test/testOneAction
INFO: [ app_init ] --START--
INFO: Run Behavior\BuildLiteBehavior [ RunTime:0.000017s ]
INFO: [ app_init ] --END-- [ RunTime:0.000240s ]
INFO: [ app_begin ] --START--
INFO: Run Behavior\ReadHtmlCacheBehavior [ RunTime:0.000249s ]
INFO: [ app_begin ] --END-- [ RunTime:0.000308s ]
NOTIC: [8] Undefined index: p /Library/WebServer/Documents/ling_test/Application/Common/Logic/BaseController.class.php 第 22 行.
NOTIC: [8] Undefined index: pageSize /Library/WebServer/Documents/ling_test/Application/Common/Logic/BaseController.class.php 第 25 行.
NOTIC: [8] Undefined index: isIgnoreLogin /Library/WebServer/Documents/ling_test/Application/Common/Logic/BaseController.class.php 第 52 行.
NOTIC: [8] Undefined index: isIgnoreAuth /Library/WebServer/Documents/ling_test/Application/Common/Logic/BaseController.class.php 第 56 行.
NOTIC: [8] Undefined index: testoneaction /Library/WebServer/Documents/ling_test/Application/Common/Util/Rbac.class.php 第 20 行.

