[ 2017-01-06T16:02:56+08:00 ] ::1 /ling_test/Ling/Test/testOne?selectMenu1Id=6&selectMenu2Id=7
INFO: [ app_init ] --START--
INFO: Run Behavior\BuildLiteBehavior [ RunTime:0.000051s ]
INFO: [ app_init ] --END-- [ RunTime:0.000708s ]
INFO: [ app_begin ] --START--
INFO: Run Behavior\ReadHtmlCacheBehavior [ RunTime:0.000804s ]
INFO: [ app_begin ] --END-- [ RunTime:0.000895s ]
NOTIC: [2] Missing argument 1 for Common\Logic\BaseController::_initialize(), called in /Library/WebServer/Documents/ling_test/ThinkPHP/Library/Think/Controller.class.php on line 41 and defined /Library/WebServer/Documents/ling_test/Application/Common/Logic/BaseController.class.php 第 46 行.
NOTIC: [8] Undefined index: p /Library/WebServer/Documents/ling_test/Application/Common/Logic/BaseController.class.php 第 22 行.
NOTIC: [8] Undefined index: pageSize /Library/WebServer/Documents/ling_test/Application/Common/Logic/BaseController.class.php 第 25 行.
NOTIC: [8] Undefined variable: initParams /Library/WebServer/Documents/ling_test/Application/Common/Logic/BaseController.class.php 第 52 行.
NOTIC: [8] Undefined variable: initParams /Library/WebServer/Documents/ling_test/Application/Common/Logic/BaseController.class.php 第 56 行.
INFO: <define>:<Ling><Test><testone>:2017-01-06 16:02:56:array (
  'Admin' => 
  array (
    'User' => 
    array (
      'users' => '3',
      'add' => '4',
      'edit' => '5',
      'delete' => '6',
      'excel' => '7',
    ),
    'Role' => 
    array (
      'roles' => '9',
      'add' => '10',
      'delete' => '11',
      'assignnode' => '12',
      'excel' => '13',
    ),
    'Node' => 
    array (
      'nodes' => '15',
      'add' => '16',
      'edit' => '17',
      'delete' => '18',
    ),
    'Menu' => 
    array (
      'menus' => '20',
      'add' => '21',
      'edit' => '22',
      'delete' => '23',
    ),
  ),
  'Ling' => 
  array (
    'Test' => 
    array (
      'testOne' => '26',
      'test_one' => '27',
    ),
  ),
)
INFO: <define>:<Ling><Test><testone>:2017-01-06 16:02:56:array (
  0 => 'Ling',
  1 => 'Test',
  2 => 'testone',
)
NOTIC: [8] Undefined index: testone /Library/WebServer/Documents/ling_test/Application/Common/Util/Rbac.class.php 第 22 行.
NOTIC: [2] Missing argument 1 for I(), called in /Library/WebServer/Documents/ling_test/Application/Common/Util/Operation.class.php on line 30 and defined /Library/WebServer/Documents/ling_test/ThinkPHP/Common/functions.php 第 271 行.
NOTIC: [8] Undefined variable: name /Library/WebServer/Documents/ling_test/ThinkPHP/Common/functions.php 第 273 行.
NOTIC: [8] Undefined variable: name /Library/WebServer/Documents/ling_test/ThinkPHP/Common/functions.php 第 278 行.
NOTIC: [8] Undefined variable: name /Library/WebServer/Documents/ling_test/ThinkPHP/Common/functions.php 第 339 行.
INFO: [ view_parse ] --START--
INFO: [ template_filter ] --START--
INFO: Run Behavior\ContentReplaceBehavior [ RunTime:0.000090s ]
INFO: [ template_filter ] --END-- [ RunTime:0.000173s ]
INFO: Run Behavior\ParseTemplateBehavior [ RunTime:0.068962s ]
INFO: [ view_parse ] --END-- [ RunTime:0.069130s ]
INFO: [ view_filter ] --START--
INFO: Run Behavior\WriteHtmlCacheBehavior [ RunTime:0.000387s ]
INFO: [ view_filter ] --END-- [ RunTime:0.000451s ]
INFO: [ app_end ] --START--
INFO: Run Behavior\ShowPageTraceBehavior [ RunTime:0.000794s ]
INFO: [ app_end ] --END-- [ RunTime:0.000861s ]

[ 2017-01-06T16:03:02+08:00 ] ::1 /ling_test/ling/test/test_one
INFO: [ app_init ] --START--
INFO: Run Behavior\BuildLiteBehavior [ RunTime:0.000026s ]
INFO: [ app_init ] --END-- [ RunTime:0.000378s ]
INFO: [ app_begin ] --START--
INFO: Run Behavior\ReadHtmlCacheBehavior [ RunTime:0.000431s ]
INFO: [ app_begin ] --END-- [ RunTime:0.000519s ]
NOTIC: [2] Missing argument 1 for Common\Logic\BaseController::_initialize(), called in /Library/WebServer/Documents/ling_test/ThinkPHP/Library/Think/Controller.class.php on line 41 and defined /Library/WebServer/Documents/ling_test/Application/Common/Logic/BaseController.class.php 第 46 行.
NOTIC: [8] Undefined index: p /Library/WebServer/Documents/ling_test/Application/Common/Logic/BaseController.class.php 第 22 行.
NOTIC: [8] Undefined index: pageSize /Library/WebServer/Documents/ling_test/Application/Common/Logic/BaseController.class.php 第 25 行.
NOTIC: [8] Undefined variable: initParams /Library/WebServer/Documents/ling_test/Application/Common/Logic/BaseController.class.php 第 52 行.
NOTIC: [8] Undefined variable: initParams /Library/WebServer/Documents/ling_test/Application/Common/Logic/BaseController.class.php 第 56 行.
INFO: <define>:<Ling><Test><test_one>:2017-01-06 16:03:02:array (
  'Admin' => 
  array (
    'User' => 
    array (
      'users' => '3',
      'add' => '4',
      'edit' => '5',
      'delete' => '6',
      'excel' => '7',
    ),
    'Role' => 
    array (
      'roles' => '9',
      'add' => '10',
      'delete' => '11',
      'assignnode' => '12',
      'excel' => '13',
    ),
    'Node' => 
    array (
      'nodes' => '15',
      'add' => '16',
      'edit' => '17',
      'delete' => '18',
    ),
    'Menu' => 
    array (
      'menus' => '20',
      'add' => '21',
      'edit' => '22',
      'delete' => '23',
    ),
  ),
  'Ling' => 
  array (
    'Test' => 
    array (
      'testOne' => '26',
      'test_one' => '27',
    ),
  ),
)
INFO: <define>:<Ling><Test><test_one>:2017-01-06 16:03:02:array (
  0 => 'Ling',
  1 => 'Test',
  2 => 'test_one',
)
NOTIC: [2] Missing argument 1 for I(), called in /Library/WebServer/Documents/ling_test/Application/Common/Util/Operation.class.php on line 30 and defined /Library/WebServer/Documents/ling_test/ThinkPHP/Common/functions.php 第 271 行.
NOTIC: [8] Undefined variable: name /Library/WebServer/Documents/ling_test/ThinkPHP/Common/functions.php 第 273 行.
NOTIC: [8] Undefined variable: name /Library/WebServer/Documents/ling_test/ThinkPHP/Common/functions.php 第 278 行.
NOTIC: [8] Undefined variable: name /Library/WebServer/Documents/ling_test/ThinkPHP/Common/functions.php 第 339 行.

[ 2017-01-06T16:03:08+08:00 ] ::1 /ling_test/ling/test/testOneAction
INFO: [ app_init ] --START--
INFO: Run Behavior\BuildLiteBehavior [ RunTime:0.000017s ]
INFO: [ app_init ] --END-- [ RunTime:0.000243s ]
INFO: [ app_begin ] --START--
INFO: Run Behavior\ReadHtmlCacheBehavior [ RunTime:0.000250s ]
INFO: [ app_begin ] --END-- [ RunTime:0.000319s ]
NOTIC: [2] Missing argument 1 for Common\Logic\BaseController::_initialize(), called in /Library/WebServer/Documents/ling_test/ThinkPHP/Library/Think/Controller.class.php on line 41 and defined /Library/WebServer/Documents/ling_test/Application/Common/Logic/BaseController.class.php 第 46 行.
NOTIC: [8] Undefined index: p /Library/WebServer/Documents/ling_test/Application/Common/Logic/BaseController.class.php 第 22 行.
NOTIC: [8] Undefined index: pageSize /Library/WebServer/Documents/ling_test/Application/Common/Logic/BaseController.class.php 第 25 行.
NOTIC: [8] Undefined variable: initParams /Library/WebServer/Documents/ling_test/Application/Common/Logic/BaseController.class.php 第 52 行.
NOTIC: [8] Undefined variable: initParams /Library/WebServer/Documents/ling_test/Application/Common/Logic/BaseController.class.php 第 56 行.
INFO: <define>:<Ling><Test><testoneaction>:2017-01-06 16:03:08:array (
  'Admin' => 
  array (
    'User' => 
    array (
      'users' => '3',
      'add' => '4',
      'edit' => '5',
      'delete' => '6',
      'excel' => '7',
    ),
    'Role' => 
    array (
      'roles' => '9',
      'add' => '10',
      'delete' => '11',
      'assignnode' => '12',
      'excel' => '13',
    ),
    'Node' => 
    array (
      'nodes' => '15',
      'add' => '16',
      'edit' => '17',
      'delete' => '18',
    ),
    'Menu' => 
    array (
      'menus' => '20',
      'add' => '21',
      'edit' => '22',
      'delete' => '23',
    ),
  ),
  'Ling' => 
  array (
    'Test' => 
    array (
      'testOne' => '26',
      'test_one' => '27',
    ),
  ),
)
INFO: <define>:<Ling><Test><testoneaction>:2017-01-06 16:03:08:array (
  0 => 'Ling',
  1 => 'Test',
  2 => 'testoneaction',
)
NOTIC: [8] Undefined index: testoneaction /Library/WebServer/Documents/ling_test/Application/Common/Util/Rbac.class.php 第 22 行.
NOTIC: [2] Missing argument 1 for I(), called in /Library/WebServer/Documents/ling_test/Application/Common/Util/Operation.class.php on line 30 and defined /Library/WebServer/Documents/ling_test/ThinkPHP/Common/functions.php 第 271 行.
NOTIC: [8] Undefined variable: name /Library/WebServer/Documents/ling_test/ThinkPHP/Common/functions.php 第 273 行.
NOTIC: [8] Undefined variable: name /Library/WebServer/Documents/ling_test/ThinkPHP/Common/functions.php 第 278 行.
NOTIC: [8] Undefined variable: name /Library/WebServer/Documents/ling_test/ThinkPHP/Common/functions.php 第 339 行.
INFO: [ app_end ] --START--
INFO: Run Behavior\ShowPageTraceBehavior [ RunTime:0.000289s ]
INFO: [ app_end ] --END-- [ RunTime:0.000360s ]

