[ 2017-01-06T11:04:15+08:00 ] ::1 /ling_test/Public/img/add(1).jpg
INFO: [ app_init ] --START--
INFO: Run Behavior\BuildLiteBehavior [ RunTime:0.000019s ]
INFO: [ app_init ] --END-- [ RunTime:0.000277s ]
ERR: 无法加载模块:Public

[ 2017-01-06T11:04:16+08:00 ] ::1 /ling_test/Public/img/add(1).jpg
INFO: [ app_init ] --START--
INFO: Run Behavior\BuildLiteBehavior [ RunTime:0.000021s ]
INFO: [ app_init ] --END-- [ RunTime:0.000369s ]
ERR: 无法加载模块:Public

[ 2017-01-06T11:04:29+08:00 ] ::1 /ling_test/Public/img/add(1).jpg
INFO: [ app_init ] --START--
INFO: Run Behavior\BuildLiteBehavior [ RunTime:0.000021s ]
INFO: [ app_init ] --END-- [ RunTime:0.000288s ]
ERR: 无法加载模块:Public

[ 2017-01-06T11:04:30+08:00 ] ::1 /ling_test/Public/img/add(1).jpg
INFO: [ app_init ] --START--
INFO: Run Behavior\BuildLiteBehavior [ RunTime:0.012069s ]
INFO: [ app_init ] --END-- [ RunTime:0.062417s ]
ERR: 无法加载模块:Public

[ 2017-01-06T11:05:34+08:00 ] ::1 /ling_test/Public/img/add(1).jpg
INFO: [ app_init ] --START--
INFO: Run Behavior\BuildLiteBehavior [ RunTime:0.000038s ]
INFO: [ app_init ] --END-- [ RunTime:0.000750s ]
ERR: 无法加载模块:Public

