[ 2017-01-10T10:51:30+08:00 ] ::1 /ling_test/
INFO: [ app_init ] --START--
INFO: Run Behavior\BuildLiteBehavior [ RunTime:0.000041s ]
INFO: [ app_init ] --END-- [ RunTime:0.000381s ]
INFO: [ app_begin ] --START--
INFO: Run Behavior\ReadHtmlCacheBehavior [ RunTime:0.000278s ]
INFO: [ app_begin ] --END-- [ RunTime:0.000352s ]
INFO: <define>:<Admin><Login><index>:2017-01-10 10:51:29:'Admin'
SQL: SHOW COLUMNS FROM `think_user` [ RunTime:0.0094s ]
SQL: SHOW COLUMNS FROM `think_role_user` [ RunTime:0.0101s ]
INFO: [ view_parse ] --START--
INFO: [ template_filter ] --START--
INFO: Run Behavior\ContentReplaceBehavior [ RunTime:0.000063s ]
INFO: [ template_filter ] --END-- [ RunTime:0.000140s ]
INFO: Run Behavior\ParseTemplateBehavior [ RunTime:0.003763s ]
INFO: [ view_parse ] --END-- [ RunTime:0.003853s ]
INFO: [ view_filter ] --START--
INFO: Run Behavior\WriteHtmlCacheBehavior [ RunTime:0.000126s ]
INFO: [ view_filter ] --END-- [ RunTime:0.000190s ]
INFO: [ app_end ] --START--
INFO: Run Behavior\ShowPageTraceBehavior [ RunTime:0.000313s ]
INFO: [ app_end ] --END-- [ RunTime:0.000381s ]

[ 2017-01-10T10:52:32+08:00 ] ::1 /ling_test/admin/Login/signin
INFO: [ app_init ] --START--
INFO: Run Behavior\BuildLiteBehavior [ RunTime:0.000016s ]
INFO: [ app_init ] --END-- [ RunTime:0.000236s ]
INFO: [ app_begin ] --START--
INFO: Run Behavior\ReadHtmlCacheBehavior [ RunTime:0.000260s ]
INFO: [ app_begin ] --END-- [ RunTime:0.000322s ]
INFO: <define>:<Admin><Login><signin>:2017-01-10 10:52:32:'Admin'
SQL: SHOW COLUMNS FROM `think_user` [ RunTime:0.0117s ]
SQL: SHOW COLUMNS FROM `think_role_user` [ RunTime:0.0098s ]
SQL: SELECT a.*,b.role_id,c.name as role_name FROM `think_user` as a left join think_role_user as b on a.id = b.user_id left join think_role as c on c.id= b.role_id  WHERE a.name = 'ling' LIMIT 1   [ RunTime:0.0103s ]
SQL: SHOW COLUMNS FROM `think_access` [ RunTime:0.0101s ]
SQL: SELECT `node_id` FROM `think_access` WHERE `role_id` = 1  [ RunTime:0.0104s ]
SQL: SHOW COLUMNS FROM `think_node` [ RunTime:0.0099s ]
SQL: SHOW COLUMNS FROM `think_access` [ RunTime:0.0101s ]
SQL: SELECT `id`,`pid`,`name` FROM `think_node` WHERE `level` = 3 AND `id` IN ('3','4','5','6','7','28','9','10','11','12','13','15','16','17','18','20','21','22','23','26','27') AND `status` = 1  [ RunTime:0.0100s ]
SQL: SELECT `id`,`pid`,`name` FROM `think_node` WHERE `level` = 2 AND `id` IN ('2','2','2','2','2','8','8','8','8','8','14','14','14','14','19','19','19','19','25','25','2') AND `status` = 1  [ RunTime:0.0100s ]
SQL: SELECT `id`,`pid`,`name` FROM `think_node` WHERE `level` = 1 AND `id` IN ('1','1','1','1','24') AND `status` = 1  [ RunTime:0.0091s ]
SQL: SHOW COLUMNS FROM `think_menu` [ RunTime:0.0096s ]
SQL: SELECT * FROM `think_menu` WHERE `level` = 1 AND `is_show` = 1 ORDER BY sort desc  [ RunTime:0.0092s ]
SQL: SELECT `node_id` FROM `think_access` WHERE `role_id` = 1  [ RunTime:0.0095s ]
SQL: SELECT * FROM `think_menu` WHERE `level` = 2 AND `node_id` IN ('3','4','5','6','7','28','9','10','11','12','13','15','16','17','18','20','21','22','23','26','27') AND `is_show` = 1 ORDER BY sort desc  [ RunTime:0.0099s ]

[ 2017-01-10T10:52:32+08:00 ] ::1 /ling_test/admin/Login/welcome
INFO: [ app_init ] --START--
INFO: Run Behavior\BuildLiteBehavior [ RunTime:0.000016s ]
INFO: [ app_init ] --END-- [ RunTime:0.000238s ]
INFO: [ app_begin ] --START--
INFO: Run Behavior\ReadHtmlCacheBehavior [ RunTime:0.000319s ]
INFO: [ app_begin ] --END-- [ RunTime:0.000401s ]
INFO: <define>:<Admin><Login><welcome>:2017-01-10 10:52:32:'Admin'
SQL: SHOW COLUMNS FROM `think_user` [ RunTime:0.0073s ]
SQL: SHOW COLUMNS FROM `think_role_user` [ RunTime:0.0068s ]
INFO: [ view_parse ] --START--
INFO: [ template_filter ] --START--
INFO: Run Behavior\ContentReplaceBehavior [ RunTime:0.000072s ]
INFO: [ template_filter ] --END-- [ RunTime:0.000151s ]
INFO: Run Behavior\ParseTemplateBehavior [ RunTime:0.007424s ]
INFO: [ view_parse ] --END-- [ RunTime:0.007499s ]
INFO: [ view_filter ] --START--
INFO: Run Behavior\WriteHtmlCacheBehavior [ RunTime:0.000125s ]
INFO: [ view_filter ] --END-- [ RunTime:0.000185s ]
INFO: [ app_end ] --START--
INFO: Run Behavior\ShowPageTraceBehavior [ RunTime:0.000309s ]
INFO: [ app_end ] --END-- [ RunTime:0.000372s ]

[ 2017-01-10T10:52:41+08:00 ] ::1 /ling_test/Admin/Role/roles?selectMenu1Id=1&selectMenu2Id=3
INFO: [ app_init ] --START--
INFO: Run Behavior\BuildLiteBehavior [ RunTime:0.000023s ]
INFO: [ app_init ] --END-- [ RunTime:0.000300s ]
INFO: [ app_begin ] --START--
INFO: Run Behavior\ReadHtmlCacheBehavior [ RunTime:0.000365s ]
INFO: [ app_begin ] --END-- [ RunTime:0.000483s ]
INFO: <define>:<Admin><Role><roles>:2017-01-10 10:52:41:'Admin'
SQL: SHOW COLUMNS FROM `think_role` [ RunTime:0.0162s ]
SQL: SHOW COLUMNS FROM `think_access` [ RunTime:0.0096s ]
SQL: SHOW COLUMNS FROM `think_node` [ RunTime:0.0107s ]
SQL: SHOW COLUMNS FROM `think_access` [ RunTime:0.0099s ]
SQL: SELECT COUNT(*) AS tp_count FROM `think_role` WHERE `status` = 1 LIMIT 1   [ RunTime:0.0123s ]
SQL: SELECT * FROM `think_role` WHERE `status` = 1 ORDER BY id desc LIMIT 0,20   [ RunTime:0.0210s ]
INFO: [ view_parse ] --START--
INFO: [ template_filter ] --START--
INFO: Run Behavior\ContentReplaceBehavior [ RunTime:0.000091s ]
INFO: [ template_filter ] --END-- [ RunTime:0.000166s ]
INFO: Run Behavior\ParseTemplateBehavior [ RunTime:0.009797s ]
INFO: [ view_parse ] --END-- [ RunTime:0.009866s ]
INFO: [ view_filter ] --START--
INFO: Run Behavior\WriteHtmlCacheBehavior [ RunTime:0.000156s ]
INFO: [ view_filter ] --END-- [ RunTime:0.000243s ]
INFO: [ app_end ] --START--
INFO: Run Behavior\ShowPageTraceBehavior [ RunTime:0.000365s ]
INFO: [ app_end ] --END-- [ RunTime:0.000443s ]

[ 2017-01-10T10:52:44+08:00 ] ::1 /ling_test/Admin/User/users?selectMenu1Id=1&selectMenu2Id=2
INFO: [ app_init ] --START--
INFO: Run Behavior\BuildLiteBehavior [ RunTime:0.000020s ]
INFO: [ app_init ] --END-- [ RunTime:0.000298s ]
INFO: [ app_begin ] --START--
INFO: Run Behavior\ReadHtmlCacheBehavior [ RunTime:0.000277s ]
INFO: [ app_begin ] --END-- [ RunTime:0.000349s ]
INFO: <define>:<Admin><User><users>:2017-01-10 10:52:43:'Admin'
SQL: SHOW COLUMNS FROM `think_user` [ RunTime:0.0132s ]
SQL: SHOW COLUMNS FROM `think_role_user` [ RunTime:0.0168s ]
SQL: SHOW COLUMNS FROM `think_role` [ RunTime:0.0103s ]
SQL: SHOW COLUMNS FROM `think_access` [ RunTime:0.0105s ]
SQL: SELECT COUNT(*) AS tp_count FROM `think_user` as a left join think_role_user as b on a.id = b.user_id left join think_role as c on c.id= b.role_id  LIMIT 1   [ RunTime:0.0103s ]
SQL: SELECT a.*,b.role_id,c.name as role_name FROM `think_user` as a left join think_role_user as b on a.id = b.user_id left join think_role as c on c.id= b.role_id  ORDER BY a.id desc LIMIT 0,20   [ RunTime:0.0121s ]
INFO: [ view_parse ] --START--
INFO: [ template_filter ] --START--
INFO: Run Behavior\ContentReplaceBehavior [ RunTime:0.000083s ]
INFO: [ template_filter ] --END-- [ RunTime:0.000165s ]
INFO: Run Behavior\ParseTemplateBehavior [ RunTime:0.030584s ]
INFO: [ view_parse ] --END-- [ RunTime:0.030662s ]
INFO: [ view_filter ] --START--
INFO: Run Behavior\WriteHtmlCacheBehavior [ RunTime:0.000137s ]
INFO: [ view_filter ] --END-- [ RunTime:0.000202s ]
INFO: [ app_end ] --START--
INFO: Run Behavior\ShowPageTraceBehavior [ RunTime:0.000326s ]
INFO: [ app_end ] --END-- [ RunTime:0.000402s ]

[ 2017-01-10T10:52:44+08:00 ] ::1 /ling_test/admin/Role/roleajax
INFO: [ app_init ] --START--
INFO: Run Behavior\BuildLiteBehavior [ RunTime:0.000018s ]
INFO: [ app_init ] --END-- [ RunTime:0.000265s ]
INFO: [ app_begin ] --START--
INFO: Run Behavior\ReadHtmlCacheBehavior [ RunTime:0.000288s ]
INFO: [ app_begin ] --END-- [ RunTime:0.000354s ]
INFO: <define>:<Admin><Role><roleajax>:2017-01-10 10:52:44:'Admin'
SQL: SHOW COLUMNS FROM `think_role` [ RunTime:0.0099s ]
SQL: SHOW COLUMNS FROM `think_access` [ RunTime:0.0094s ]
SQL: SHOW COLUMNS FROM `think_node` [ RunTime:0.0095s ]
SQL: SHOW COLUMNS FROM `think_access` [ RunTime:0.0091s ]
SQL: SELECT * FROM `think_role` WHERE `status` = 1 ORDER BY id desc  [ RunTime:0.0155s ]

[ 2017-01-10T10:52:55+08:00 ] ::1 /ling_test/Admin/User/intUsersParams
INFO: [ app_init ] --START--
INFO: Run Behavior\BuildLiteBehavior [ RunTime:0.000016s ]
INFO: [ app_init ] --END-- [ RunTime:0.000252s ]
INFO: [ app_begin ] --START--
INFO: Run Behavior\ReadHtmlCacheBehavior [ RunTime:0.000270s ]
INFO: [ app_begin ] --END-- [ RunTime:0.000341s ]
INFO: <define>:<Admin><User><intusersparams>:2017-01-10 10:52:55:'Admin'
INFO: [ view_parse ] --START--
INFO: [ template_filter ] --START--
INFO: Run Behavior\ContentReplaceBehavior [ RunTime:0.000050s ]
INFO: [ template_filter ] --END-- [ RunTime:0.000120s ]
INFO: Run Behavior\ParseTemplateBehavior [ RunTime:0.003541s ]
INFO: [ view_parse ] --END-- [ RunTime:0.003613s ]
INFO: [ view_filter ] --START--
INFO: Run Behavior\WriteHtmlCacheBehavior [ RunTime:0.000125s ]
INFO: [ view_filter ] --END-- [ RunTime:0.000189s ]

[ 2017-01-10T10:52:58+08:00 ] ::1 /ling_test/admin/Role/roleajax
INFO: [ app_init ] --START--
INFO: Run Behavior\BuildLiteBehavior [ RunTime:0.000024s ]
INFO: [ app_init ] --END-- [ RunTime:0.001433s ]
INFO: [ app_begin ] --START--
INFO: Run Behavior\ReadHtmlCacheBehavior [ RunTime:0.000293s ]
INFO: [ app_begin ] --END-- [ RunTime:0.000353s ]
INFO: <define>:<Admin><Role><roleajax>:2017-01-10 10:52:58:'Admin'
SQL: SHOW COLUMNS FROM `think_role` [ RunTime:0.0073s ]
SQL: SHOW COLUMNS FROM `think_access` [ RunTime:0.0081s ]
SQL: SHOW COLUMNS FROM `think_node` [ RunTime:0.0296s ]
SQL: SHOW COLUMNS FROM `think_access` [ RunTime:0.0094s ]
SQL: SELECT * FROM `think_role` WHERE `status` = 1 ORDER BY id desc  [ RunTime:0.0086s ]

[ 2017-01-10T10:53:05+08:00 ] ::1 /ling_test/Admin/User/personalInfo
INFO: [ app_init ] --START--
INFO: Run Behavior\BuildLiteBehavior [ RunTime:0.000016s ]
INFO: [ app_init ] --END-- [ RunTime:0.000242s ]
INFO: [ app_begin ] --START--
INFO: Run Behavior\ReadHtmlCacheBehavior [ RunTime:0.000256s ]
INFO: [ app_begin ] --END-- [ RunTime:0.000325s ]
INFO: <define>:<Admin><User><personalinfo>:2017-01-10 10:53:05:'Admin'
SQL: SHOW COLUMNS FROM `think_user` [ RunTime:0.0106s ]
SQL: SHOW COLUMNS FROM `think_role_user` [ RunTime:0.0089s ]
SQL: SHOW COLUMNS FROM `think_role` [ RunTime:0.0086s ]
SQL: SHOW COLUMNS FROM `think_access` [ RunTime:0.0070s ]
SQL: SELECT * FROM `think_user` WHERE `id` = 2 LIMIT 1   [ RunTime:0.0077s ]
INFO: [ view_parse ] --START--
INFO: [ template_filter ] --START--
INFO: Run Behavior\ContentReplaceBehavior [ RunTime:0.000075s ]
INFO: [ template_filter ] --END-- [ RunTime:0.000146s ]
INFO: Run Behavior\ParseTemplateBehavior [ RunTime:0.007844s ]
INFO: [ view_parse ] --END-- [ RunTime:0.007927s ]
INFO: [ view_filter ] --START--
INFO: Run Behavior\WriteHtmlCacheBehavior [ RunTime:0.000120s ]
INFO: [ view_filter ] --END-- [ RunTime:0.000183s ]
INFO: [ app_end ] --START--
INFO: Run Behavior\ShowPageTraceBehavior [ RunTime:0.000392s ]
INFO: [ app_end ] --END-- [ RunTime:0.000495s ]

[ 2017-01-10T10:53:10+08:00 ] ::1 /ling_test/admin/user/editPersonalInfo
INFO: [ app_init ] --START--
INFO: Run Behavior\BuildLiteBehavior [ RunTime:0.000016s ]
INFO: [ app_init ] --END-- [ RunTime:0.000239s ]
INFO: [ app_begin ] --START--
INFO: Run Behavior\ReadHtmlCacheBehavior [ RunTime:0.000340s ]
INFO: [ app_begin ] --END-- [ RunTime:0.000413s ]
INFO: <define>:<Admin><User><editpersonalinfo>:2017-01-10 10:53:10:'Admin'
SQL: SHOW COLUMNS FROM `think_user` [ RunTime:0.0098s ]
SQL: SHOW COLUMNS FROM `think_role_user` [ RunTime:0.0067s ]
SQL: SHOW COLUMNS FROM `think_role` [ RunTime:0.0072s ]
SQL: SHOW COLUMNS FROM `think_access` [ RunTime:0.0080s ]

[ 2017-01-10T11:26:26+08:00 ] ::1 /ling_test/admin/user/editPersonalInfo
INFO: [ app_init ] --START--
INFO: Run Behavior\BuildLiteBehavior [ RunTime:0.000046s ]
INFO: [ app_init ] --END-- [ RunTime:0.000383s ]
INFO: [ app_begin ] --START--
INFO: Run Behavior\ReadHtmlCacheBehavior [ RunTime:0.000286s ]
INFO: [ app_begin ] --END-- [ RunTime:0.000353s ]
INFO: <define>:<Admin><User><editpersonalinfo>:2017-01-10 11:26:26:'Admin'
SQL: SHOW COLUMNS FROM `think_user` [ RunTime:0.0177s ]
SQL: SHOW COLUMNS FROM `think_role_user` [ RunTime:0.0169s ]
SQL: SHOW COLUMNS FROM `think_role` [ RunTime:0.0153s ]
SQL: SHOW COLUMNS FROM `think_access` [ RunTime:0.0157s ]
SQL: SHOW COLUMNS FROM `think_user` [ RunTime:0.0170s ]
SQL: UPDATE `think_user` SET `fullname`='罗京',`mobile`='13388889999',`password`='?default?',`update_date`='2017-01-10 11:26:26' WHERE `id` = 2 [ RunTime:0.0237s ]

[ 2017-01-10T11:26:29+08:00 ] ::1 /ling_test/Admin/User/personalInfo
INFO: [ app_init ] --START--
INFO: Run Behavior\BuildLiteBehavior [ RunTime:0.000016s ]
INFO: [ app_init ] --END-- [ RunTime:0.000236s ]
INFO: [ app_begin ] --START--
INFO: Run Behavior\ReadHtmlCacheBehavior [ RunTime:0.000251s ]
INFO: [ app_begin ] --END-- [ RunTime:0.000319s ]
INFO: <define>:<Admin><User><personalinfo>:2017-01-10 11:26:29:'Admin'
SQL: SHOW COLUMNS FROM `think_user` [ RunTime:0.0167s ]
SQL: SHOW COLUMNS FROM `think_role_user` [ RunTime:0.0171s ]
SQL: SHOW COLUMNS FROM `think_role` [ RunTime:0.0170s ]
SQL: SHOW COLUMNS FROM `think_access` [ RunTime:0.0189s ]
SQL: SELECT * FROM `think_user` WHERE `id` = 2 LIMIT 1   [ RunTime:0.0145s ]
INFO: [ view_parse ] --START--
INFO: [ template_filter ] --START--
INFO: Run Behavior\ContentReplaceBehavior [ RunTime:0.000095s ]
INFO: [ template_filter ] --END-- [ RunTime:0.000188s ]
INFO: Run Behavior\ParseTemplateBehavior [ RunTime:0.008396s ]
INFO: [ view_parse ] --END-- [ RunTime:0.008486s ]
INFO: [ view_filter ] --START--
INFO: Run Behavior\WriteHtmlCacheBehavior [ RunTime:0.000138s ]
INFO: [ view_filter ] --END-- [ RunTime:0.000200s ]
INFO: [ app_end ] --START--
INFO: Run Behavior\ShowPageTraceBehavior [ RunTime:0.000484s ]
INFO: [ app_end ] --END-- [ RunTime:0.000579s ]

[ 2017-01-10T11:26:31+08:00 ] ::1 /ling_test/Admin/User/personalInfo
INFO: [ app_init ] --START--
INFO: Run Behavior\BuildLiteBehavior [ RunTime:0.000018s ]
INFO: [ app_init ] --END-- [ RunTime:0.000244s ]
INFO: [ app_begin ] --START--
INFO: Run Behavior\ReadHtmlCacheBehavior [ RunTime:0.000265s ]
INFO: [ app_begin ] --END-- [ RunTime:0.000331s ]
INFO: <define>:<Admin><User><personalinfo>:2017-01-10 11:26:30:'Admin'
SQL: SHOW COLUMNS FROM `think_user` [ RunTime:0.0141s ]
SQL: SHOW COLUMNS FROM `think_role_user` [ RunTime:0.2456s ]
SQL: SHOW COLUMNS FROM `think_role` [ RunTime:0.0171s ]
SQL: SHOW COLUMNS FROM `think_access` [ RunTime:0.0329s ]
SQL: SELECT * FROM `think_user` WHERE `id` = 2 LIMIT 1   [ RunTime:0.0189s ]
INFO: [ view_parse ] --START--
INFO: [ template_filter ] --START--
INFO: Run Behavior\ContentReplaceBehavior [ RunTime:0.000073s ]
INFO: [ template_filter ] --END-- [ RunTime:0.000152s ]
INFO: Run Behavior\ParseTemplateBehavior [ RunTime:0.007730s ]
INFO: [ view_parse ] --END-- [ RunTime:0.007813s ]
INFO: [ view_filter ] --START--
INFO: Run Behavior\WriteHtmlCacheBehavior [ RunTime:0.000125s ]
INFO: [ view_filter ] --END-- [ RunTime:0.000188s ]
INFO: [ app_end ] --START--
INFO: Run Behavior\ShowPageTraceBehavior [ RunTime:0.000387s ]
INFO: [ app_end ] --END-- [ RunTime:0.000476s ]

[ 2017-01-10T11:26:31+08:00 ] ::1 /ling_test/Admin/User/personalInfo
INFO: [ app_init ] --START--
INFO: Run Behavior\BuildLiteBehavior [ RunTime:0.000017s ]
INFO: [ app_init ] --END-- [ RunTime:0.000251s ]
INFO: [ app_begin ] --START--
INFO: Run Behavior\ReadHtmlCacheBehavior [ RunTime:0.000283s ]
INFO: [ app_begin ] --END-- [ RunTime:0.000356s ]
INFO: <define>:<Admin><User><personalinfo>:2017-01-10 11:26:31:'Admin'
SQL: SHOW COLUMNS FROM `think_user` [ RunTime:0.0146s ]
SQL: SHOW COLUMNS FROM `think_role_user` [ RunTime:0.0131s ]
SQL: SHOW COLUMNS FROM `think_role` [ RunTime:0.0182s ]
SQL: SHOW COLUMNS FROM `think_access` [ RunTime:0.0191s ]
SQL: SELECT * FROM `think_user` WHERE `id` = 2 LIMIT 1   [ RunTime:0.0167s ]
INFO: [ view_parse ] --START--
INFO: [ template_filter ] --START--
INFO: Run Behavior\ContentReplaceBehavior [ RunTime:0.000072s ]
INFO: [ template_filter ] --END-- [ RunTime:0.000143s ]
INFO: Run Behavior\ParseTemplateBehavior [ RunTime:0.007573s ]
INFO: [ view_parse ] --END-- [ RunTime:0.007652s ]
INFO: [ view_filter ] --START--
INFO: Run Behavior\WriteHtmlCacheBehavior [ RunTime:0.000119s ]
INFO: [ view_filter ] --END-- [ RunTime:0.000180s ]
INFO: [ app_end ] --START--
INFO: Run Behavior\ShowPageTraceBehavior [ RunTime:0.000370s ]
INFO: [ app_end ] --END-- [ RunTime:0.000454s ]

[ 2017-01-10T11:26:49+08:00 ] ::1 /ling_test/admin/user/editPersonalInfo
INFO: [ app_init ] --START--
INFO: Run Behavior\BuildLiteBehavior [ RunTime:0.000016s ]
INFO: [ app_init ] --END-- [ RunTime:0.000255s ]
INFO: [ app_begin ] --START--
INFO: Run Behavior\ReadHtmlCacheBehavior [ RunTime:0.000255s ]
INFO: [ app_begin ] --END-- [ RunTime:0.000314s ]
INFO: <define>:<Admin><User><editpersonalinfo>:2017-01-10 11:26:48:'Admin'
SQL: SHOW COLUMNS FROM `think_user` [ RunTime:0.0142s ]
SQL: SHOW COLUMNS FROM `think_role_user` [ RunTime:0.0183s ]
SQL: SHOW COLUMNS FROM `think_role` [ RunTime:0.0131s ]
SQL: SHOW COLUMNS FROM `think_access` [ RunTime:0.0145s ]
SQL: SHOW COLUMNS FROM `think_user` [ RunTime:0.0167s ]
SQL: UPDATE `think_user` SET `fullname`='罗京',`mobile`='13388889999',`password`='?default?',`update_date`='2017-01-10 11:26:49' WHERE `id` = 2 [ RunTime:0.0240s ]

[ 2017-01-10T11:29:24+08:00 ] ::1 /ling_test/admin/user/editPersonalInfo
INFO: [ app_init ] --START--
INFO: Run Behavior\BuildLiteBehavior [ RunTime:0.000017s ]
INFO: [ app_init ] --END-- [ RunTime:0.000239s ]
INFO: [ app_begin ] --START--
INFO: Run Behavior\ReadHtmlCacheBehavior [ RunTime:0.000249s ]
INFO: [ app_begin ] --END-- [ RunTime:0.000308s ]
INFO: <define>:<Admin><User><editpersonalinfo>:2017-01-10 11:29:24:'Admin'
SQL: SHOW COLUMNS FROM `think_user` [ RunTime:0.0105s ]
SQL: SHOW COLUMNS FROM `think_role_user` [ RunTime:0.0112s ]
SQL: SHOW COLUMNS FROM `think_role` [ RunTime:0.0113s ]
SQL: SHOW COLUMNS FROM `think_access` [ RunTime:0.0105s ]
SQL: SHOW COLUMNS FROM `think_user` [ RunTime:0.0103s ]
SQL: UPDATE `think_user` SET `fullname`='罗京',`mobile`='13388889999',`password`='c4ca4238a0b923820dcc509a6f75849b',`update_date`='2017-01-10 11:29:24' WHERE `id` = 2 [ RunTime:0.0384s ]

[ 2017-01-10T11:29:33+08:00 ] ::1 /ling_test/Admin/User/personalInfo
INFO: [ app_init ] --START--
INFO: Run Behavior\BuildLiteBehavior [ RunTime:0.000018s ]
INFO: [ app_init ] --END-- [ RunTime:0.000256s ]
INFO: [ app_begin ] --START--
INFO: Run Behavior\ReadHtmlCacheBehavior [ RunTime:0.000456s ]
INFO: [ app_begin ] --END-- [ RunTime:0.000535s ]
INFO: <define>:<Admin><User><personalinfo>:2017-01-10 11:29:33:'Admin'
SQL: SHOW COLUMNS FROM `think_user` [ RunTime:0.0111s ]
SQL: SHOW COLUMNS FROM `think_role_user` [ RunTime:0.0100s ]
SQL: SHOW COLUMNS FROM `think_role` [ RunTime:0.0104s ]
SQL: SHOW COLUMNS FROM `think_access` [ RunTime:0.0129s ]
SQL: SELECT * FROM `think_user` WHERE `id` = 2 LIMIT 1   [ RunTime:0.0151s ]
INFO: [ view_parse ] --START--
INFO: [ template_filter ] --START--
INFO: Run Behavior\ContentReplaceBehavior [ RunTime:0.000082s ]
INFO: [ template_filter ] --END-- [ RunTime:0.000164s ]
INFO: Run Behavior\ParseTemplateBehavior [ RunTime:0.008791s ]
INFO: [ view_parse ] --END-- [ RunTime:0.008872s ]
INFO: [ view_filter ] --START--
INFO: Run Behavior\WriteHtmlCacheBehavior [ RunTime:0.000133s ]
INFO: [ view_filter ] --END-- [ RunTime:0.000193s ]
INFO: [ app_end ] --START--
INFO: Run Behavior\ShowPageTraceBehavior [ RunTime:0.000408s ]
INFO: [ app_end ] --END-- [ RunTime:0.000492s ]

[ 2017-01-10T11:29:34+08:00 ] ::1 /ling_test/admin/user/editPersonalInfo
INFO: [ app_init ] --START--
INFO: Run Behavior\BuildLiteBehavior [ RunTime:0.000018s ]
INFO: [ app_init ] --END-- [ RunTime:0.000263s ]
INFO: [ app_begin ] --START--
INFO: Run Behavior\ReadHtmlCacheBehavior [ RunTime:0.000291s ]
INFO: [ app_begin ] --END-- [ RunTime:0.000360s ]
INFO: <define>:<Admin><User><editpersonalinfo>:2017-01-10 11:29:34:'Admin'
SQL: SHOW COLUMNS FROM `think_user` [ RunTime:0.0107s ]
SQL: SHOW COLUMNS FROM `think_role_user` [ RunTime:0.0107s ]
SQL: SHOW COLUMNS FROM `think_role` [ RunTime:0.0098s ]
SQL: SHOW COLUMNS FROM `think_access` [ RunTime:0.0105s ]
SQL: SHOW COLUMNS FROM `think_user` [ RunTime:0.0118s ]
SQL: UPDATE `think_user` SET `fullname`='罗京',`mobile`='13388889999',`update_date`='2017-01-10 11:29:34' WHERE `id` = 2 [ RunTime:0.0215s ]

[ 2017-01-10T11:29:42+08:00 ] ::1 /ling_test/Admin/User/personalInfo
INFO: [ app_init ] --START--
INFO: Run Behavior\BuildLiteBehavior [ RunTime:0.000019s ]
INFO: [ app_init ] --END-- [ RunTime:0.000754s ]
INFO: [ app_begin ] --START--
INFO: Run Behavior\ReadHtmlCacheBehavior [ RunTime:0.000285s ]
INFO: [ app_begin ] --END-- [ RunTime:0.000363s ]
INFO: <define>:<Admin><User><personalinfo>:2017-01-10 11:29:42:'Admin'
SQL: SHOW COLUMNS FROM `think_user` [ RunTime:0.0119s ]
SQL: SHOW COLUMNS FROM `think_role_user` [ RunTime:0.0136s ]
SQL: SHOW COLUMNS FROM `think_role` [ RunTime:0.0246s ]
SQL: SHOW COLUMNS FROM `think_access` [ RunTime:0.0109s ]
SQL: SELECT * FROM `think_user` WHERE `id` = 2 LIMIT 1   [ RunTime:0.0107s ]
INFO: [ view_parse ] --START--
INFO: [ template_filter ] --START--
INFO: Run Behavior\ContentReplaceBehavior [ RunTime:0.000074s ]
INFO: [ template_filter ] --END-- [ RunTime:0.000153s ]
INFO: Run Behavior\ParseTemplateBehavior [ RunTime:0.008505s ]
INFO: [ view_parse ] --END-- [ RunTime:0.008579s ]
INFO: [ view_filter ] --START--
INFO: Run Behavior\WriteHtmlCacheBehavior [ RunTime:0.000125s ]
INFO: [ view_filter ] --END-- [ RunTime:0.000187s ]
INFO: [ app_end ] --START--
INFO: Run Behavior\ShowPageTraceBehavior [ RunTime:0.000380s ]
INFO: [ app_end ] --END-- [ RunTime:0.000465s ]

[ 2017-01-10T11:31:17+08:00 ] ::1 /ling_test/Admin/User/personalInfo
INFO: [ app_init ] --START--
INFO: Run Behavior\BuildLiteBehavior [ RunTime:0.000018s ]
INFO: [ app_init ] --END-- [ RunTime:0.000251s ]
INFO: [ app_begin ] --START--
INFO: Run Behavior\ReadHtmlCacheBehavior [ RunTime:0.000269s ]
INFO: [ app_begin ] --END-- [ RunTime:0.000339s ]
INFO: <define>:<Admin><User><personalinfo>:2017-01-10 11:31:17:'Admin'
SQL: SHOW COLUMNS FROM `think_user` [ RunTime:0.0151s ]
SQL: SHOW COLUMNS FROM `think_role_user` [ RunTime:0.0109s ]
SQL: SHOW COLUMNS FROM `think_role` [ RunTime:0.0104s ]
SQL: SHOW COLUMNS FROM `think_access` [ RunTime:0.0113s ]
SQL: SELECT * FROM `think_user` WHERE `id` = 2 LIMIT 1   [ RunTime:0.0106s ]
INFO: [ view_parse ] --START--
INFO: [ template_filter ] --START--
INFO: Run Behavior\ContentReplaceBehavior [ RunTime:0.000073s ]
INFO: [ template_filter ] --END-- [ RunTime:0.000141s ]
INFO: Run Behavior\ParseTemplateBehavior [ RunTime:0.003764s ]
INFO: [ view_parse ] --END-- [ RunTime:0.003836s ]
INFO: [ view_filter ] --START--
INFO: Run Behavior\WriteHtmlCacheBehavior [ RunTime:0.000118s ]
INFO: [ view_filter ] --END-- [ RunTime:0.000178s ]
INFO: [ app_end ] --START--
INFO: Run Behavior\ShowPageTraceBehavior [ RunTime:0.000274s ]
INFO: [ app_end ] --END-- [ RunTime:0.000334s ]

[ 2017-01-10T13:34:19+08:00 ] ::1 /ling_test/Admin/User/personalInfo
INFO: [ app_init ] --START--
INFO: Run Behavior\BuildLiteBehavior [ RunTime:0.000019s ]
INFO: [ app_init ] --END-- [ RunTime:0.000263s ]
INFO: [ app_begin ] --START--
INFO: Run Behavior\ReadHtmlCacheBehavior [ RunTime:0.000279s ]
INFO: [ app_begin ] --END-- [ RunTime:0.000365s ]
INFO: <define>:<Admin><User><personalinfo>:2017-01-10 13:34:19:'Admin'
SQL: SHOW COLUMNS FROM `think_user` [ RunTime:0.0162s ]
SQL: SHOW COLUMNS FROM `think_role_user` [ RunTime:0.0138s ]
SQL: SHOW COLUMNS FROM `think_role` [ RunTime:0.2334s ]
SQL: SHOW COLUMNS FROM `think_access` [ RunTime:0.0164s ]
SQL: SELECT * FROM `think_user` WHERE `id` = 2 LIMIT 1   [ RunTime:0.0145s ]
INFO: [ view_parse ] --START--
INFO: [ template_filter ] --START--
INFO: Run Behavior\ContentReplaceBehavior [ RunTime:0.000091s ]
INFO: [ template_filter ] --END-- [ RunTime:0.000195s ]
INFO: Run Behavior\ParseTemplateBehavior [ RunTime:0.008383s ]
INFO: [ view_parse ] --END-- [ RunTime:0.008472s ]
INFO: [ view_filter ] --START--
INFO: Run Behavior\WriteHtmlCacheBehavior [ RunTime:0.000136s ]
INFO: [ view_filter ] --END-- [ RunTime:0.000198s ]
INFO: [ app_end ] --START--
INFO: Run Behavior\ShowPageTraceBehavior [ RunTime:0.000354s ]
INFO: [ app_end ] --END-- [ RunTime:0.000426s ]

[ 2017-01-10T14:41:10+08:00 ] ::1 /ling_test/Admin/User/users?selectMenu1Id=1&selectMenu2Id=2
INFO: [ app_init ] --START--
INFO: Run Behavior\BuildLiteBehavior [ RunTime:0.000024s ]
INFO: [ app_init ] --END-- [ RunTime:0.007589s ]
INFO: [ app_begin ] --START--
INFO: Run Behavior\ReadHtmlCacheBehavior [ RunTime:0.000892s ]
INFO: [ app_begin ] --END-- [ RunTime:0.000991s ]
INFO: <define>:<Admin><User><users>:2017-01-10 14:41:09:'Admin'
SQL: SHOW COLUMNS FROM `think_user` [ RunTime:0.0117s ]
SQL: SHOW COLUMNS FROM `think_role_user` [ RunTime:0.0134s ]
SQL: SHOW COLUMNS FROM `think_role` [ RunTime:0.0118s ]
SQL: SHOW COLUMNS FROM `think_access` [ RunTime:0.0118s ]
SQL: SELECT COUNT(*) AS tp_count FROM `think_user` as a left join think_role_user as b on a.id = b.user_id left join think_role as c on c.id= b.role_id  LIMIT 1   [ RunTime:0.0103s ]
SQL: SELECT a.*,b.role_id,c.name as role_name FROM `think_user` as a left join think_role_user as b on a.id = b.user_id left join think_role as c on c.id= b.role_id  ORDER BY a.id desc LIMIT 0,20   [ RunTime:0.0102s ]
INFO: [ view_parse ] --START--
INFO: [ template_filter ] --START--
INFO: Run Behavior\ContentReplaceBehavior [ RunTime:0.000083s ]
INFO: [ template_filter ] --END-- [ RunTime:0.000161s ]
INFO: Run Behavior\ParseTemplateBehavior [ RunTime:0.044041s ]
INFO: [ view_parse ] --END-- [ RunTime:0.044122s ]
INFO: [ view_filter ] --START--
INFO: Run Behavior\WriteHtmlCacheBehavior [ RunTime:0.018458s ]
INFO: [ view_filter ] --END-- [ RunTime:0.018538s ]
INFO: [ app_end ] --START--
INFO: Run Behavior\ShowPageTraceBehavior [ RunTime:0.000851s ]
INFO: [ app_end ] --END-- [ RunTime:0.001014s ]

[ 2017-01-10T14:41:10+08:00 ] ::1 /ling_test/admin/Role/roleajax
INFO: [ app_init ] --START--
INFO: Run Behavior\BuildLiteBehavior [ RunTime:0.000019s ]
INFO: [ app_init ] --END-- [ RunTime:0.000318s ]
INFO: [ app_begin ] --START--
INFO: Run Behavior\ReadHtmlCacheBehavior [ RunTime:0.000342s ]
INFO: [ app_begin ] --END-- [ RunTime:0.000419s ]
INFO: <define>:<Admin><Role><roleajax>:2017-01-10 14:41:10:'Admin'
SQL: SHOW COLUMNS FROM `think_role` [ RunTime:0.0072s ]
SQL: SHOW COLUMNS FROM `think_access` [ RunTime:0.0089s ]
SQL: SHOW COLUMNS FROM `think_node` [ RunTime:0.0077s ]
SQL: SHOW COLUMNS FROM `think_access` [ RunTime:0.0072s ]
SQL: SELECT * FROM `think_role` WHERE `status` = 1 ORDER BY id desc  [ RunTime:0.0075s ]

[ 2017-01-10T14:41:17+08:00 ] ::1 /ling_test/Admin/Role/roles?selectMenu1Id=1&selectMenu2Id=3
INFO: [ app_init ] --START--
INFO: Run Behavior\BuildLiteBehavior [ RunTime:0.000020s ]
INFO: [ app_init ] --END-- [ RunTime:0.000287s ]
INFO: [ app_begin ] --START--
INFO: Run Behavior\ReadHtmlCacheBehavior [ RunTime:0.000317s ]
INFO: [ app_begin ] --END-- [ RunTime:0.000398s ]
INFO: <define>:<Admin><Role><roles>:2017-01-10 14:41:16:'Admin'
SQL: SHOW COLUMNS FROM `think_role` [ RunTime:0.0100s ]
SQL: SHOW COLUMNS FROM `think_access` [ RunTime:0.0104s ]
SQL: SHOW COLUMNS FROM `think_node` [ RunTime:0.0106s ]
SQL: SHOW COLUMNS FROM `think_access` [ RunTime:0.0105s ]
SQL: SELECT COUNT(*) AS tp_count FROM `think_role` WHERE `status` = 1 LIMIT 1   [ RunTime:0.0095s ]
SQL: SELECT * FROM `think_role` WHERE `status` = 1 ORDER BY id desc LIMIT 0,20   [ RunTime:0.0113s ]
INFO: [ view_parse ] --START--
INFO: [ template_filter ] --START--
INFO: Run Behavior\ContentReplaceBehavior [ RunTime:0.000087s ]
INFO: [ template_filter ] --END-- [ RunTime:0.000167s ]
INFO: Run Behavior\ParseTemplateBehavior [ RunTime:0.089729s ]
INFO: [ view_parse ] --END-- [ RunTime:0.089806s ]
INFO: [ view_filter ] --START--
INFO: Run Behavior\WriteHtmlCacheBehavior [ RunTime:0.000152s ]
INFO: [ view_filter ] --END-- [ RunTime:0.000215s ]
INFO: [ app_end ] --START--
INFO: Run Behavior\ShowPageTraceBehavior [ RunTime:0.000299s ]
INFO: [ app_end ] --END-- [ RunTime:0.000362s ]

[ 2017-01-10T14:41:18+08:00 ] ::1 /ling_test/Admin/Node/nodes?selectMenu1Id=1&selectMenu2Id=4
INFO: [ app_init ] --START--
INFO: Run Behavior\BuildLiteBehavior [ RunTime:0.000016s ]
INFO: [ app_init ] --END-- [ RunTime:0.000232s ]
INFO: [ app_begin ] --START--
INFO: Run Behavior\ReadHtmlCacheBehavior [ RunTime:0.000335s ]
INFO: [ app_begin ] --END-- [ RunTime:0.000421s ]
INFO: <define>:<Admin><Node><nodes>:2017-01-10 14:41:18:'Admin'
SQL: SHOW COLUMNS FROM `think_node` [ RunTime:0.0101s ]
SQL: SHOW COLUMNS FROM `think_access` [ RunTime:0.0110s ]
SQL: SELECT COUNT(*) AS tp_count FROM `think_node` WHERE `status` = 1 LIMIT 1   [ RunTime:0.0107s ]
SQL: SELECT * FROM `think_node` WHERE `status` = 1 LIMIT 0,9999   [ RunTime:0.0103s ]
INFO: [ view_parse ] --START--
INFO: [ template_filter ] --START--
INFO: Run Behavior\ContentReplaceBehavior [ RunTime:0.000075s ]
INFO: [ template_filter ] --END-- [ RunTime:0.000155s ]
INFO: Run Behavior\ParseTemplateBehavior [ RunTime:0.016467s ]
INFO: [ view_parse ] --END-- [ RunTime:0.016548s ]
INFO: [ view_filter ] --START--
INFO: Run Behavior\WriteHtmlCacheBehavior [ RunTime:0.000125s ]
INFO: [ view_filter ] --END-- [ RunTime:0.000187s ]
INFO: [ app_end ] --START--
INFO: Run Behavior\ShowPageTraceBehavior [ RunTime:0.000446s ]
INFO: [ app_end ] --END-- [ RunTime:0.000564s ]

[ 2017-01-10T14:41:21+08:00 ] ::1 /ling_test/Admin/Menu/menus?selectMenu1Id=1&selectMenu2Id=5
INFO: [ app_init ] --START--
INFO: Run Behavior\BuildLiteBehavior [ RunTime:0.000016s ]
INFO: [ app_init ] --END-- [ RunTime:0.000264s ]
INFO: [ app_begin ] --START--
INFO: Run Behavior\ReadHtmlCacheBehavior [ RunTime:0.000269s ]
INFO: [ app_begin ] --END-- [ RunTime:0.000340s ]
INFO: <define>:<Admin><Menu><menus>:2017-01-10 14:41:21:'Admin'
SQL: SHOW COLUMNS FROM `think_menu` [ RunTime:0.0094s ]
SQL: SHOW COLUMNS FROM `think_access` [ RunTime:0.0102s ]
SQL: SHOW COLUMNS FROM `think_node` [ RunTime:0.0087s ]
SQL: SELECT COUNT(*) AS tp_count FROM `think_menu` LIMIT 1   [ RunTime:0.0083s ]
SQL: SELECT * FROM `think_menu` ORDER BY sort desc LIMIT 0,9999   [ RunTime:0.0081s ]
INFO: [ view_parse ] --START--
INFO: [ template_filter ] --START--
INFO: Run Behavior\ContentReplaceBehavior [ RunTime:0.000085s ]
INFO: [ template_filter ] --END-- [ RunTime:0.000172s ]
INFO: Run Behavior\ParseTemplateBehavior [ RunTime:0.022433s ]
INFO: [ view_parse ] --END-- [ RunTime:0.022515s ]
INFO: [ view_filter ] --START--
INFO: Run Behavior\WriteHtmlCacheBehavior [ RunTime:0.000134s ]
INFO: [ view_filter ] --END-- [ RunTime:0.000198s ]
INFO: [ app_end ] --START--
INFO: Run Behavior\ShowPageTraceBehavior [ RunTime:0.000443s ]
INFO: [ app_end ] --END-- [ RunTime:0.000551s ]

[ 2017-01-10T14:41:29+08:00 ] ::1 /ling_test/Admin/User/users?selectMenu1Id=1&selectMenu2Id=2
INFO: [ app_init ] --START--
INFO: Run Behavior\BuildLiteBehavior [ RunTime:0.000017s ]
INFO: [ app_init ] --END-- [ RunTime:0.000239s ]
INFO: [ app_begin ] --START--
INFO: Run Behavior\ReadHtmlCacheBehavior [ RunTime:0.000434s ]
INFO: [ app_begin ] --END-- [ RunTime:0.000514s ]
INFO: <define>:<Admin><User><users>:2017-01-10 14:41:28:'Admin'
SQL: SHOW COLUMNS FROM `think_user` [ RunTime:0.0105s ]
SQL: SHOW COLUMNS FROM `think_role_user` [ RunTime:0.0111s ]
SQL: SHOW COLUMNS FROM `think_role` [ RunTime:0.0106s ]
SQL: SHOW COLUMNS FROM `think_access` [ RunTime:0.0095s ]
SQL: SELECT COUNT(*) AS tp_count FROM `think_user` as a left join think_role_user as b on a.id = b.user_id left join think_role as c on c.id= b.role_id  LIMIT 1   [ RunTime:0.0103s ]
SQL: SELECT a.*,b.role_id,c.name as role_name FROM `think_user` as a left join think_role_user as b on a.id = b.user_id left join think_role as c on c.id= b.role_id  ORDER BY a.id desc LIMIT 0,20   [ RunTime:0.0108s ]
INFO: [ view_parse ] --START--
INFO: [ template_filter ] --START--
INFO: Run Behavior\ContentReplaceBehavior [ RunTime:0.000317s ]
INFO: [ template_filter ] --END-- [ RunTime:0.000453s ]
INFO: Run Behavior\ParseTemplateBehavior [ RunTime:0.010480s ]
INFO: [ view_parse ] --END-- [ RunTime:0.010559s ]
INFO: [ view_filter ] --START--
INFO: Run Behavior\WriteHtmlCacheBehavior [ RunTime:0.000127s ]
INFO: [ view_filter ] --END-- [ RunTime:0.000190s ]
INFO: [ app_end ] --START--
INFO: Run Behavior\ShowPageTraceBehavior [ RunTime:0.000396s ]
INFO: [ app_end ] --END-- [ RunTime:0.000482s ]

[ 2017-01-10T14:41:29+08:00 ] ::1 /ling_test/admin/Role/roleajax
INFO: [ app_init ] --START--
INFO: Run Behavior\BuildLiteBehavior [ RunTime:0.000021s ]
INFO: [ app_init ] --END-- [ RunTime:0.000404s ]
INFO: [ app_begin ] --START--
INFO: Run Behavior\ReadHtmlCacheBehavior [ RunTime:0.000437s ]
INFO: [ app_begin ] --END-- [ RunTime:0.000527s ]
INFO: <define>:<Admin><Role><roleajax>:2017-01-10 14:41:29:'Admin'
SQL: SHOW COLUMNS FROM `think_role` [ RunTime:0.0121s ]
SQL: SHOW COLUMNS FROM `think_access` [ RunTime:0.0111s ]
SQL: SHOW COLUMNS FROM `think_node` [ RunTime:0.0146s ]
SQL: SHOW COLUMNS FROM `think_access` [ RunTime:0.0398s ]
SQL: SELECT * FROM `think_role` WHERE `status` = 1 ORDER BY id desc  [ RunTime:0.0197s ]

[ 2017-01-10T16:08:00+08:00 ] ::1 /ling_test/
INFO: [ app_init ] --START--
INFO: Run Behavior\BuildLiteBehavior [ RunTime:0.000021s ]
INFO: [ app_init ] --END-- [ RunTime:0.007258s ]
INFO: [ app_begin ] --START--
INFO: Run Behavior\ReadHtmlCacheBehavior [ RunTime:0.000836s ]
INFO: [ app_begin ] --END-- [ RunTime:0.000921s ]
INFO: <define>:<Admin><Login><index>:2017-01-10 16:08:00:'Admin'
SQL: SHOW COLUMNS FROM `think_user` [ RunTime:0.0203s ]
SQL: SHOW COLUMNS FROM `think_role_user` [ RunTime:0.0192s ]
INFO: [ view_parse ] --START--
INFO: [ template_filter ] --START--
INFO: Run Behavior\ContentReplaceBehavior [ RunTime:0.000072s ]
INFO: [ template_filter ] --END-- [ RunTime:0.000162s ]
INFO: Run Behavior\ParseTemplateBehavior [ RunTime:0.036613s ]
INFO: [ view_parse ] --END-- [ RunTime:0.036692s ]
INFO: [ view_filter ] --START--
INFO: Run Behavior\WriteHtmlCacheBehavior [ RunTime:0.021405s ]
INFO: [ view_filter ] --END-- [ RunTime:0.021499s ]
INFO: [ app_end ] --START--
INFO: Run Behavior\ShowPageTraceBehavior [ RunTime:0.000858s ]
INFO: [ app_end ] --END-- [ RunTime:0.000971s ]

[ 2017-01-10T16:08:55+08:00 ] ::1 /ling_test/
INFO: [ app_init ] --START--
INFO: Run Behavior\BuildLiteBehavior [ RunTime:0.000043s ]
INFO: [ app_init ] --END-- [ RunTime:0.000442s ]
INFO: [ app_begin ] --START--
INFO: Run Behavior\ReadHtmlCacheBehavior [ RunTime:0.000306s ]
INFO: [ app_begin ] --END-- [ RunTime:0.000504s ]
INFO: <define>:<Admin><Login><index>:2017-01-10 16:08:55:'Admin'
SQL: SHOW COLUMNS FROM `think_user` [ RunTime:0.0097s ]
SQL: SHOW COLUMNS FROM `think_role_user` [ RunTime:0.0171s ]
INFO: [ view_parse ] --START--
INFO: [ template_filter ] --START--
INFO: Run Behavior\ContentReplaceBehavior [ RunTime:0.000111s ]
INFO: [ template_filter ] --END-- [ RunTime:0.000311s ]
INFO: Run Behavior\ParseTemplateBehavior [ RunTime:0.004786s ]
INFO: [ view_parse ] --END-- [ RunTime:0.004993s ]
INFO: [ view_filter ] --START--
INFO: Run Behavior\WriteHtmlCacheBehavior [ RunTime:0.000174s ]
INFO: [ view_filter ] --END-- [ RunTime:0.000361s ]
INFO: [ app_end ] --START--
INFO: Run Behavior\ShowPageTraceBehavior [ RunTime:0.000390s ]
INFO: [ app_end ] --END-- [ RunTime:0.000599s ]

[ 2017-01-10T16:09:12+08:00 ] ::1 /ling_test/admin/Login/signin
INFO: [ app_init ] --START--
INFO: Run Behavior\BuildLiteBehavior [ RunTime:0.000051s ]
INFO: [ app_init ] --END-- [ RunTime:0.000483s ]
INFO: [ app_begin ] --START--
INFO: Run Behavior\ReadHtmlCacheBehavior [ RunTime:0.000282s ]
INFO: [ app_begin ] --END-- [ RunTime:0.000442s ]
INFO: <define>:<Admin><Login><signin>:2017-01-10 16:09:12:'Admin'
SQL: SHOW COLUMNS FROM `think_user` [ RunTime:0.0191s ]
SQL: SHOW COLUMNS FROM `think_role_user` [ RunTime:0.0378s ]
SQL: SELECT a.*,b.role_id,c.name as role_name FROM `think_user` as a left join think_role_user as b on a.id = b.user_id left join think_role as c on c.id= b.role_id  WHERE a.name = 'admin' LIMIT 1   [ RunTime:0.0236s ]
SQL: SHOW COLUMNS FROM `think_menu` [ RunTime:0.0161s ]
SQL: SHOW COLUMNS FROM `think_access` [ RunTime:0.0181s ]
SQL: SHOW COLUMNS FROM `think_node` [ RunTime:0.0189s ]
SQL: SELECT * FROM `think_menu` WHERE `level` = 1 AND `is_show` = 1 ORDER BY sort desc  [ RunTime:0.0202s ]
SQL: SELECT * FROM `think_menu` WHERE `level` = 2 AND `is_show` = 1 ORDER BY sort desc  [ RunTime:0.0099s ]

[ 2017-01-10T16:09:14+08:00 ] ::1 /ling_test/admin/Login/welcome
INFO: [ app_init ] --START--
INFO: Run Behavior\BuildLiteBehavior [ RunTime:0.000044s ]
INFO: [ app_init ] --END-- [ RunTime:0.000406s ]
INFO: [ app_begin ] --START--
INFO: Run Behavior\ReadHtmlCacheBehavior [ RunTime:0.000300s ]
INFO: [ app_begin ] --END-- [ RunTime:0.000494s ]
INFO: <define>:<Admin><Login><welcome>:2017-01-10 16:09:14:'Admin'
SQL: SHOW COLUMNS FROM `think_user` [ RunTime:0.0112s ]
SQL: SHOW COLUMNS FROM `think_role_user` [ RunTime:0.0118s ]
INFO: [ view_parse ] --START--
INFO: [ template_filter ] --START--
INFO: Run Behavior\ContentReplaceBehavior [ RunTime:0.000123s ]
INFO: [ template_filter ] --END-- [ RunTime:0.000325s ]
INFO: Run Behavior\ParseTemplateBehavior [ RunTime:0.105268s ]
INFO: [ view_parse ] --END-- [ RunTime:0.105503s ]
INFO: [ view_filter ] --START--
INFO: Run Behavior\WriteHtmlCacheBehavior [ RunTime:0.000169s ]
INFO: [ view_filter ] --END-- [ RunTime:0.000358s ]
INFO: [ app_end ] --START--
INFO: Run Behavior\ShowPageTraceBehavior [ RunTime:0.000403s ]
INFO: [ app_end ] --END-- [ RunTime:0.000601s ]

[ 2017-01-10T16:09:29+08:00 ] ::1 /ling_test/Admin/Role/roles?selectMenu1Id=1&selectMenu2Id=3
INFO: [ app_init ] --START--
INFO: Run Behavior\BuildLiteBehavior [ RunTime:0.000049s ]
INFO: [ app_init ] --END-- [ RunTime:0.000512s ]
INFO: [ app_begin ] --START--
INFO: Run Behavior\ReadHtmlCacheBehavior [ RunTime:0.000324s ]
INFO: [ app_begin ] --END-- [ RunTime:0.000589s ]
INFO: <define>:<Admin><Role><roles>:2017-01-10 16:09:29:'Admin'
SQL: SHOW COLUMNS FROM `think_role` [ RunTime:0.0355s ]
SQL: SHOW COLUMNS FROM `think_access` [ RunTime:0.0238s ]
SQL: SHOW COLUMNS FROM `think_node` [ RunTime:0.0187s ]
SQL: SHOW COLUMNS FROM `think_access` [ RunTime:0.0283s ]
SQL: SELECT COUNT(*) AS tp_count FROM `think_role` WHERE `status` = 1 LIMIT 1   [ RunTime:0.0322s ]
SQL: SELECT * FROM `think_role` WHERE `status` = 1 ORDER BY id desc LIMIT 0,20   [ RunTime:0.0167s ]
INFO: [ view_parse ] --START--
INFO: [ template_filter ] --START--
INFO: Run Behavior\ContentReplaceBehavior [ RunTime:0.000139s ]
INFO: [ template_filter ] --END-- [ RunTime:0.000344s ]
INFO: Run Behavior\ParseTemplateBehavior [ RunTime:0.020487s ]
INFO: [ view_parse ] --END-- [ RunTime:0.020691s ]
INFO: [ view_filter ] --START--
INFO: Run Behavior\WriteHtmlCacheBehavior [ RunTime:0.000177s ]
INFO: [ view_filter ] --END-- [ RunTime:0.000376s ]
INFO: [ app_end ] --START--
INFO: Run Behavior\ShowPageTraceBehavior [ RunTime:0.000349s ]
INFO: [ app_end ] --END-- [ RunTime:0.000574s ]

[ 2017-01-10T16:14:54+08:00 ] ::1 /ling_test/?XDEBUG_SESSION_START=11091
INFO: [ app_init ] --START--
INFO: Run Behavior\BuildLiteBehavior [ RunTime:0.000041s ]
INFO: [ app_init ] --END-- [ RunTime:0.000397s ]
INFO: [ app_begin ] --START--
INFO: Run Behavior\ReadHtmlCacheBehavior [ RunTime:0.000300s ]
INFO: [ app_begin ] --END-- [ RunTime:0.000490s ]
INFO: <define>:<Admin><Login><index>:2017-01-10 16:14:54:'Admin'
SQL: SHOW COLUMNS FROM `think_user` [ RunTime:0.0071s ]
SQL: SHOW COLUMNS FROM `think_role_user` [ RunTime:0.0072s ]
INFO: [ view_parse ] --START--
INFO: [ template_filter ] --START--
INFO: Run Behavior\ContentReplaceBehavior [ RunTime:0.000115s ]
INFO: [ template_filter ] --END-- [ RunTime:0.000311s ]
INFO: Run Behavior\ParseTemplateBehavior [ RunTime:0.004316s ]
INFO: [ view_parse ] --END-- [ RunTime:0.004516s ]
INFO: [ view_filter ] --START--
INFO: Run Behavior\WriteHtmlCacheBehavior [ RunTime:0.000170s ]
INFO: [ view_filter ] --END-- [ RunTime:0.000363s ]
INFO: [ app_end ] --START--
INFO: Run Behavior\ShowPageTraceBehavior [ RunTime:0.000363s ]
INFO: [ app_end ] --END-- [ RunTime:0.000569s ]

[ 2017-01-10T17:03:40+08:00 ] ::1 /ling_test/?XDEBUG_SESSION_START=18804
INFO: [ app_init ] --START--
INFO: Run Behavior\BuildLiteBehavior [ RunTime:0.000054s ]
INFO: [ app_init ] --END-- [ RunTime:0.000736s ]
INFO: [ app_begin ] --START--
INFO: Run Behavior\ReadHtmlCacheBehavior [ RunTime:0.001477s ]
INFO: [ app_begin ] --END-- [ RunTime:0.001805s ]
INFO: <define>:<Admin><Login><index>:2017-01-10 17:03:30:'Admin'
SQL: SHOW COLUMNS FROM `think_user` [ RunTime:0.0074s ]
SQL: SHOW COLUMNS FROM `think_role_user` [ RunTime:0.0085s ]
INFO: [ view_parse ] --START--
INFO: [ template_filter ] --START--
INFO: Run Behavior\ContentReplaceBehavior [ RunTime:0.000117s ]
INFO: [ template_filter ] --END-- [ RunTime:0.000325s ]
INFO: Run Behavior\ParseTemplateBehavior [ RunTime:0.034857s ]
INFO: [ view_parse ] --END-- [ RunTime:0.035092s ]
INFO: [ view_filter ] --START--
INFO: Run Behavior\WriteHtmlCacheBehavior [ RunTime:0.000420s ]
INFO: [ view_filter ] --END-- [ RunTime:0.000622s ]
INFO: [ app_end ] --START--
INFO: Run Behavior\ShowPageTraceBehavior [ RunTime:0.000706s ]
INFO: [ app_end ] --END-- [ RunTime:0.000909s ]

