[ 2017-01-09T17:30:33+08:00 ] ::1 /ling_test/admin/user/personalInfo
INFO: [ app_init ] --START--
INFO: Run Behavior\BuildLiteBehavior [ RunTime:0.000022s ]
INFO: [ app_init ] --END-- [ RunTime:0.000616s ]
INFO: [ app_begin ] --START--
INFO: Run Behavior\ReadHtmlCacheBehavior [ RunTime:0.000337s ]
INFO: [ app_begin ] --END-- [ RunTime:0.000423s ]
SQL: SHOW COLUMNS FROM `think_user` [ RunTime:0.0114s ]
SQL: SHOW COLUMNS FROM `think_role_user` [ RunTime:0.0084s ]
SQL: SHOW COLUMNS FROM `think_role` [ RunTime:0.0090s ]
SQL: SHOW COLUMNS FROM `think_access` [ RunTime:0.0087s ]
SQL: SELECT * FROM `think_user` WHERE `id` = 2 LIMIT 1   [ RunTime:0.0122s ]
INFO: <define>:<Admin><User><personalinfo>:2017-01-09 17:30:33:array (
  'd2d977c58444271d9c780187e93f80e5' => 
  array (
    'verify_code' => 'eccaa6ef2718e1d7b55a6c059af93db0',
    'verify_time' => 1483931913,
  ),
  'user' => 
  array (
    'userId' => '2',
    'userName' => 'ling',
    'roleId' => '1',
    'roleName' => '超级管理员',
    'nodeListIndex' => 
    array (
      'Admin' => 
      array (
        'User' => 
        array (
          'users' => '3',
          'add' => '4',
          'edit' => '5',
          'delete' => '6',
          'excel' => '7',
        ),
        'Role' => 
        array (
          'roles' => '9',
          'add' => '10',
          'delete' => '11',
          'assignnode' => '12',
          'excel' => '13',
        ),
        'Node' => 
        array (
          'nodes' => '15',
          'add' => '16',
          'edit' => '17',
          'delete' => '18',
        ),
        'Menu' => 
        array (
          'menus' => '20',
          'add' => '21',
          'edit' => '22',
          'delete' => '23',
        ),
      ),
      'Ling' => 
      array (
        'Test' => 
        array (
          'testone' => '26',
          'test_one' => '27',
        ),
      ),
    ),
    'menuAccessList' => 
    array (
      0 => 
      array (
        'id' => '1',
        'node_id' => '0',
        'title' => '系统管理',
        'sort' => '0',
        'pid' => '0',
        'level' => '1',
        'path' => '',
        'is_show' => '1',
        'child' => 
        array (
          0 => 
          array (
            'id' => '2',
            'node_id' => '3',
            'title' => '用户管理',
            'sort' => '0',
            'pid' => '1',
            'level' => '2',
            'path' => '/Admin/User/users',
            'is_show' => '1',
          ),
          1 => 
          array (
            'id' => '3',
            'node_id' => '9',
            'title' => '角色管理',
            'sort' => '0',
            'pid' => '1',
            'level' => '2',
            'path' => '/Admin/Role/roles',
            'is_show' => '1',
          ),
          2 => 
          array (
            'id' => '4',
            'node_id' => '15',
            'title' => '节点管理',
            'sort' => '0',
            'pid' => '1',
            'level' => '2',
            'path' => '/Admin/Node/nodes',
            'is_show' => '1',
          ),
          3 => 
          array (
            'id' => '5',
            'node_id' => '20',
            'title' => '菜单管理',
            'sort' => '0',
            'pid' => '1',
            'level' => '2',
            'path' => '/Admin/Menu/menus',
            'is_show' => '1',
          ),
        ),
      ),
      1 => 
      array (
        'id' => '6',
        'node_id' => '0',
        'title' => '测试模块',
        'sort' => '0',
        'pid' => '0',
        'level' => '1',
        'path' => '',
        'is_show' => '1',
        'child' => 
        array (
          0 => 
          array (
            'id' => '7',
            'node_id' => '26',
            'title' => '大小测试',
            'sort' => '0',
            'pid' => '6',
            'level' => '2',
            'path' => '/Ling/Test/testOne',
            'is_show' => '1',
          ),
        ),
      ),
    ),
  ),
  'selectMenu1Id' => '1',
  'selectMenu2Id' => '2',
)
INFO: [ view_parse ] --START--
INFO: [ template_filter ] --START--
INFO: Run Behavior\ContentReplaceBehavior [ RunTime:0.000068s ]
INFO: [ template_filter ] --END-- [ RunTime:0.000139s ]
INFO: Run Behavior\ParseTemplateBehavior [ RunTime:0.007736s ]
INFO: [ view_parse ] --END-- [ RunTime:0.007806s ]
INFO: [ view_filter ] --START--
INFO: Run Behavior\WriteHtmlCacheBehavior [ RunTime:0.000125s ]
INFO: [ view_filter ] --END-- [ RunTime:0.000186s ]
INFO: [ app_end ] --START--
INFO: Run Behavior\ShowPageTraceBehavior [ RunTime:0.000309s ]
INFO: [ app_end ] --END-- [ RunTime:0.000375s ]

[ 2017-01-09T17:31:28+08:00 ] ::1 /ling_test/admin/user/personalInfo
INFO: [ app_init ] --START--
INFO: Run Behavior\BuildLiteBehavior [ RunTime:0.000019s ]
INFO: [ app_init ] --END-- [ RunTime:0.000319s ]
INFO: [ app_begin ] --START--
INFO: Run Behavior\ReadHtmlCacheBehavior [ RunTime:0.000282s ]
INFO: [ app_begin ] --END-- [ RunTime:0.000357s ]
SQL: SHOW COLUMNS FROM `think_user` [ RunTime:0.0075s ]
SQL: SHOW COLUMNS FROM `think_role_user` [ RunTime:0.0093s ]
SQL: SHOW COLUMNS FROM `think_role` [ RunTime:0.0100s ]
SQL: SHOW COLUMNS FROM `think_access` [ RunTime:0.0083s ]
SQL: SELECT * FROM `think_user` WHERE `id` = 2 LIMIT 1   [ RunTime:0.0094s ]
INFO: <define>:<Admin><User><personalinfo>:2017-01-09 17:31:28:array (
  'd2d977c58444271d9c780187e93f80e5' => 
  array (
    'verify_code' => 'eccaa6ef2718e1d7b55a6c059af93db0',
    'verify_time' => 1483931913,
  ),
  'user' => 
  array (
    'userId' => '2',
    'userName' => 'ling',
    'roleId' => '1',
    'roleName' => '超级管理员',
    'nodeListIndex' => 
    array (
      'Admin' => 
      array (
        'User' => 
        array (
          'users' => '3',
          'add' => '4',
          'edit' => '5',
          'delete' => '6',
          'excel' => '7',
        ),
        'Role' => 
        array (
          'roles' => '9',
          'add' => '10',
          'delete' => '11',
          'assignnode' => '12',
          'excel' => '13',
        ),
        'Node' => 
        array (
          'nodes' => '15',
          'add' => '16',
          'edit' => '17',
          'delete' => '18',
        ),
        'Menu' => 
        array (
          'menus' => '20',
          'add' => '21',
          'edit' => '22',
          'delete' => '23',
        ),
      ),
      'Ling' => 
      array (
        'Test' => 
        array (
          'testone' => '26',
          'test_one' => '27',
        ),
      ),
    ),
    'menuAccessList' => 
    array (
      0 => 
      array (
        'id' => '1',
        'node_id' => '0',
        'title' => '系统管理',
        'sort' => '0',
        'pid' => '0',
        'level' => '1',
        'path' => '',
        'is_show' => '1',
        'child' => 
        array (
          0 => 
          array (
            'id' => '2',
            'node_id' => '3',
            'title' => '用户管理',
            'sort' => '0',
            'pid' => '1',
            'level' => '2',
            'path' => '/Admin/User/users',
            'is_show' => '1',
          ),
          1 => 
          array (
            'id' => '3',
            'node_id' => '9',
            'title' => '角色管理',
            'sort' => '0',
            'pid' => '1',
            'level' => '2',
            'path' => '/Admin/Role/roles',
            'is_show' => '1',
          ),
          2 => 
          array (
            'id' => '4',
            'node_id' => '15',
            'title' => '节点管理',
            'sort' => '0',
            'pid' => '1',
            'level' => '2',
            'path' => '/Admin/Node/nodes',
            'is_show' => '1',
          ),
          3 => 
          array (
            'id' => '5',
            'node_id' => '20',
            'title' => '菜单管理',
            'sort' => '0',
            'pid' => '1',
            'level' => '2',
            'path' => '/Admin/Menu/menus',
            'is_show' => '1',
          ),
        ),
      ),
      1 => 
      array (
        'id' => '6',
        'node_id' => '0',
        'title' => '测试模块',
        'sort' => '0',
        'pid' => '0',
        'level' => '1',
        'path' => '',
        'is_show' => '1',
        'child' => 
        array (
          0 => 
          array (
            'id' => '7',
            'node_id' => '26',
            'title' => '大小测试',
            'sort' => '0',
            'pid' => '6',
            'level' => '2',
            'path' => '/Ling/Test/testOne',
            'is_show' => '1',
          ),
        ),
      ),
    ),
  ),
  'selectMenu1Id' => '1',
  'selectMenu2Id' => '2',
)
INFO: [ view_parse ] --START--
INFO: [ template_filter ] --START--
INFO: Run Behavior\ContentReplaceBehavior [ RunTime:0.000070s ]
INFO: [ template_filter ] --END-- [ RunTime:0.000147s ]
INFO: Run Behavior\ParseTemplateBehavior [ RunTime:0.008546s ]
INFO: [ view_parse ] --END-- [ RunTime:0.008621s ]
INFO: [ view_filter ] --START--
INFO: Run Behavior\WriteHtmlCacheBehavior [ RunTime:0.000125s ]
INFO: [ view_filter ] --END-- [ RunTime:0.000184s ]
INFO: [ app_end ] --START--
INFO: Run Behavior\ShowPageTraceBehavior [ RunTime:0.000288s ]
INFO: [ app_end ] --END-- [ RunTime:0.000353s ]

[ 2017-01-09T17:32:07+08:00 ] ::1 /ling_test/admin/user/personalInfo
INFO: [ app_init ] --START--
INFO: Run Behavior\BuildLiteBehavior [ RunTime:0.000018s ]
INFO: [ app_init ] --END-- [ RunTime:0.000261s ]
INFO: [ app_begin ] --START--
INFO: Run Behavior\ReadHtmlCacheBehavior [ RunTime:0.000277s ]
INFO: [ app_begin ] --END-- [ RunTime:0.000351s ]
SQL: SHOW COLUMNS FROM `think_user` [ RunTime:0.0087s ]
SQL: SHOW COLUMNS FROM `think_role_user` [ RunTime:0.0083s ]
SQL: SHOW COLUMNS FROM `think_role` [ RunTime:0.0107s ]
SQL: SHOW COLUMNS FROM `think_access` [ RunTime:0.0079s ]
SQL: SELECT * FROM `think_user` WHERE `id` = 2 LIMIT 1   [ RunTime:0.0096s ]
INFO: <define>:<Admin><User><personalinfo>:2017-01-09 17:32:07:array (
  'd2d977c58444271d9c780187e93f80e5' => 
  array (
    'verify_code' => 'eccaa6ef2718e1d7b55a6c059af93db0',
    'verify_time' => 1483931913,
  ),
  'user' => 
  array (
    'userId' => '2',
    'userName' => 'ling',
    'roleId' => '1',
    'roleName' => '超级管理员',
    'nodeListIndex' => 
    array (
      'Admin' => 
      array (
        'User' => 
        array (
          'users' => '3',
          'add' => '4',
          'edit' => '5',
          'delete' => '6',
          'excel' => '7',
        ),
        'Role' => 
        array (
          'roles' => '9',
          'add' => '10',
          'delete' => '11',
          'assignnode' => '12',
          'excel' => '13',
        ),
        'Node' => 
        array (
          'nodes' => '15',
          'add' => '16',
          'edit' => '17',
          'delete' => '18',
        ),
        'Menu' => 
        array (
          'menus' => '20',
          'add' => '21',
          'edit' => '22',
          'delete' => '23',
        ),
      ),
      'Ling' => 
      array (
        'Test' => 
        array (
          'testone' => '26',
          'test_one' => '27',
        ),
      ),
    ),
    'menuAccessList' => 
    array (
      0 => 
      array (
        'id' => '1',
        'node_id' => '0',
        'title' => '系统管理',
        'sort' => '0',
        'pid' => '0',
        'level' => '1',
        'path' => '',
        'is_show' => '1',
        'child' => 
        array (
          0 => 
          array (
            'id' => '2',
            'node_id' => '3',
            'title' => '用户管理',
            'sort' => '0',
            'pid' => '1',
            'level' => '2',
            'path' => '/Admin/User/users',
            'is_show' => '1',
          ),
          1 => 
          array (
            'id' => '3',
            'node_id' => '9',
            'title' => '角色管理',
            'sort' => '0',
            'pid' => '1',
            'level' => '2',
            'path' => '/Admin/Role/roles',
            'is_show' => '1',
          ),
          2 => 
          array (
            'id' => '4',
            'node_id' => '15',
            'title' => '节点管理',
            'sort' => '0',
            'pid' => '1',
            'level' => '2',
            'path' => '/Admin/Node/nodes',
            'is_show' => '1',
          ),
          3 => 
          array (
            'id' => '5',
            'node_id' => '20',
            'title' => '菜单管理',
            'sort' => '0',
            'pid' => '1',
            'level' => '2',
            'path' => '/Admin/Menu/menus',
            'is_show' => '1',
          ),
        ),
      ),
      1 => 
      array (
        'id' => '6',
        'node_id' => '0',
        'title' => '测试模块',
        'sort' => '0',
        'pid' => '0',
        'level' => '1',
        'path' => '',
        'is_show' => '1',
        'child' => 
        array (
          0 => 
          array (
            'id' => '7',
            'node_id' => '26',
            'title' => '大小测试',
            'sort' => '0',
            'pid' => '6',
            'level' => '2',
            'path' => '/Ling/Test/testOne',
            'is_show' => '1',
          ),
        ),
      ),
    ),
  ),
  'selectMenu1Id' => '1',
  'selectMenu2Id' => '2',
)
INFO: [ view_parse ] --START--
INFO: [ template_filter ] --START--
INFO: Run Behavior\ContentReplaceBehavior [ RunTime:0.000069s ]
INFO: [ template_filter ] --END-- [ RunTime:0.000140s ]
INFO: Run Behavior\ParseTemplateBehavior [ RunTime:0.007533s ]
INFO: [ view_parse ] --END-- [ RunTime:0.007608s ]
INFO: [ view_filter ] --START--
INFO: Run Behavior\WriteHtmlCacheBehavior [ RunTime:0.000172s ]
INFO: [ view_filter ] --END-- [ RunTime:0.000304s ]
INFO: [ app_end ] --START--
INFO: Run Behavior\ShowPageTraceBehavior [ RunTime:0.000404s ]
INFO: [ app_end ] --END-- [ RunTime:0.000480s ]

[ 2017-01-09T17:33:45+08:00 ] ::1 /ling_test/admin/user/personalInfo
INFO: [ app_init ] --START--
INFO: Run Behavior\BuildLiteBehavior [ RunTime:0.000019s ]
INFO: [ app_init ] --END-- [ RunTime:0.000256s ]
INFO: [ app_begin ] --START--
INFO: Run Behavior\ReadHtmlCacheBehavior [ RunTime:0.000364s ]
INFO: [ app_begin ] --END-- [ RunTime:0.000449s ]
SQL: SHOW COLUMNS FROM `think_user` [ RunTime:0.0163s ]
SQL: SHOW COLUMNS FROM `think_role_user` [ RunTime:0.2192s ]
SQL: SHOW COLUMNS FROM `think_role` [ RunTime:0.0074s ]
SQL: SHOW COLUMNS FROM `think_access` [ RunTime:0.0071s ]
SQL: SELECT * FROM `think_user` WHERE `id` = 2 LIMIT 1   [ RunTime:0.0086s ]
INFO: <define>:<Admin><User><personalinfo>:2017-01-09 17:33:45:array (
  'd2d977c58444271d9c780187e93f80e5' => 
  array (
    'verify_code' => 'eccaa6ef2718e1d7b55a6c059af93db0',
    'verify_time' => 1483931913,
  ),
  'user' => 
  array (
    'userId' => '2',
    'userName' => 'ling',
    'roleId' => '1',
    'roleName' => '超级管理员',
    'nodeListIndex' => 
    array (
      'Admin' => 
      array (
        'User' => 
        array (
          'users' => '3',
          'add' => '4',
          'edit' => '5',
          'delete' => '6',
          'excel' => '7',
        ),
        'Role' => 
        array (
          'roles' => '9',
          'add' => '10',
          'delete' => '11',
          'assignnode' => '12',
          'excel' => '13',
        ),
        'Node' => 
        array (
          'nodes' => '15',
          'add' => '16',
          'edit' => '17',
          'delete' => '18',
        ),
        'Menu' => 
        array (
          'menus' => '20',
          'add' => '21',
          'edit' => '22',
          'delete' => '23',
        ),
      ),
      'Ling' => 
      array (
        'Test' => 
        array (
          'testone' => '26',
          'test_one' => '27',
        ),
      ),
    ),
    'menuAccessList' => 
    array (
      0 => 
      array (
        'id' => '1',
        'node_id' => '0',
        'title' => '系统管理',
        'sort' => '0',
        'pid' => '0',
        'level' => '1',
        'path' => '',
        'is_show' => '1',
        'child' => 
        array (
          0 => 
          array (
            'id' => '2',
            'node_id' => '3',
            'title' => '用户管理',
            'sort' => '0',
            'pid' => '1',
            'level' => '2',
            'path' => '/Admin/User/users',
            'is_show' => '1',
          ),
          1 => 
          array (
            'id' => '3',
            'node_id' => '9',
            'title' => '角色管理',
            'sort' => '0',
            'pid' => '1',
            'level' => '2',
            'path' => '/Admin/Role/roles',
            'is_show' => '1',
          ),
          2 => 
          array (
            'id' => '4',
            'node_id' => '15',
            'title' => '节点管理',
            'sort' => '0',
            'pid' => '1',
            'level' => '2',
            'path' => '/Admin/Node/nodes',
            'is_show' => '1',
          ),
          3 => 
          array (
            'id' => '5',
            'node_id' => '20',
            'title' => '菜单管理',
            'sort' => '0',
            'pid' => '1',
            'level' => '2',
            'path' => '/Admin/Menu/menus',
            'is_show' => '1',
          ),
        ),
      ),
      1 => 
      array (
        'id' => '6',
        'node_id' => '0',
        'title' => '测试模块',
        'sort' => '0',
        'pid' => '0',
        'level' => '1',
        'path' => '',
        'is_show' => '1',
        'child' => 
        array (
          0 => 
          array (
            'id' => '7',
            'node_id' => '26',
            'title' => '大小测试',
            'sort' => '0',
            'pid' => '6',
            'level' => '2',
            'path' => '/Ling/Test/testOne',
            'is_show' => '1',
          ),
        ),
      ),
    ),
  ),
  'selectMenu1Id' => '1',
  'selectMenu2Id' => '2',
)
INFO: [ view_parse ] --START--
INFO: [ template_filter ] --START--
INFO: Run Behavior\ContentReplaceBehavior [ RunTime:0.000071s ]
INFO: [ template_filter ] --END-- [ RunTime:0.000148s ]
INFO: Run Behavior\ParseTemplateBehavior [ RunTime:0.008776s ]
INFO: [ view_parse ] --END-- [ RunTime:0.008859s ]
INFO: [ view_filter ] --START--
INFO: Run Behavior\WriteHtmlCacheBehavior [ RunTime:0.000128s ]
INFO: [ view_filter ] --END-- [ RunTime:0.000190s ]
INFO: [ app_end ] --START--
INFO: Run Behavior\ShowPageTraceBehavior [ RunTime:0.000294s ]
INFO: [ app_end ] --END-- [ RunTime:0.000359s ]

[ 2017-01-09T17:39:00+08:00 ] ::1 /ling_test/admin/user/personalInfo
INFO: [ app_init ] --START--
INFO: Run Behavior\BuildLiteBehavior [ RunTime:0.000025s ]
INFO: [ app_init ] --END-- [ RunTime:0.000322s ]
INFO: [ app_begin ] --START--
INFO: Run Behavior\ReadHtmlCacheBehavior [ RunTime:0.000315s ]
INFO: [ app_begin ] --END-- [ RunTime:0.000397s ]
SQL: SHOW COLUMNS FROM `think_user` [ RunTime:0.0129s ]
SQL: SHOW COLUMNS FROM `think_role_user` [ RunTime:0.0131s ]
SQL: SHOW COLUMNS FROM `think_role` [ RunTime:0.0132s ]
SQL: SHOW COLUMNS FROM `think_access` [ RunTime:0.0099s ]
SQL: SELECT * FROM `think_user` WHERE `id` = 2 LIMIT 1   [ RunTime:0.0135s ]
INFO: <define>:<Admin><User><personalinfo>:2017-01-09 17:39:00:array (
  'd2d977c58444271d9c780187e93f80e5' => 
  array (
    'verify_code' => 'eccaa6ef2718e1d7b55a6c059af93db0',
    'verify_time' => 1483931913,
  ),
  'user' => 
  array (
    'userId' => '2',
    'userName' => 'ling',
    'roleId' => '1',
    'roleName' => '超级管理员',
    'nodeListIndex' => 
    array (
      'Admin' => 
      array (
        'User' => 
        array (
          'users' => '3',
          'add' => '4',
          'edit' => '5',
          'delete' => '6',
          'excel' => '7',
        ),
        'Role' => 
        array (
          'roles' => '9',
          'add' => '10',
          'delete' => '11',
          'assignnode' => '12',
          'excel' => '13',
        ),
        'Node' => 
        array (
          'nodes' => '15',
          'add' => '16',
          'edit' => '17',
          'delete' => '18',
        ),
        'Menu' => 
        array (
          'menus' => '20',
          'add' => '21',
          'edit' => '22',
          'delete' => '23',
        ),
      ),
      'Ling' => 
      array (
        'Test' => 
        array (
          'testone' => '26',
          'test_one' => '27',
        ),
      ),
    ),
    'menuAccessList' => 
    array (
      0 => 
      array (
        'id' => '1',
        'node_id' => '0',
        'title' => '系统管理',
        'sort' => '0',
        'pid' => '0',
        'level' => '1',
        'path' => '',
        'is_show' => '1',
        'child' => 
        array (
          0 => 
          array (
            'id' => '2',
            'node_id' => '3',
            'title' => '用户管理',
            'sort' => '0',
            'pid' => '1',
            'level' => '2',
            'path' => '/Admin/User/users',
            'is_show' => '1',
          ),
          1 => 
          array (
            'id' => '3',
            'node_id' => '9',
            'title' => '角色管理',
            'sort' => '0',
            'pid' => '1',
            'level' => '2',
            'path' => '/Admin/Role/roles',
            'is_show' => '1',
          ),
          2 => 
          array (
            'id' => '4',
            'node_id' => '15',
            'title' => '节点管理',
            'sort' => '0',
            'pid' => '1',
            'level' => '2',
            'path' => '/Admin/Node/nodes',
            'is_show' => '1',
          ),
          3 => 
          array (
            'id' => '5',
            'node_id' => '20',
            'title' => '菜单管理',
            'sort' => '0',
            'pid' => '1',
            'level' => '2',
            'path' => '/Admin/Menu/menus',
            'is_show' => '1',
          ),
        ),
      ),
      1 => 
      array (
        'id' => '6',
        'node_id' => '0',
        'title' => '测试模块',
        'sort' => '0',
        'pid' => '0',
        'level' => '1',
        'path' => '',
        'is_show' => '1',
        'child' => 
        array (
          0 => 
          array (
            'id' => '7',
            'node_id' => '26',
            'title' => '大小测试',
            'sort' => '0',
            'pid' => '6',
            'level' => '2',
            'path' => '/Ling/Test/testOne',
            'is_show' => '1',
          ),
        ),
      ),
    ),
  ),
  'selectMenu1Id' => '1',
  'selectMenu2Id' => '2',
)
INFO: [ view_parse ] --START--
INFO: [ template_filter ] --START--
INFO: Run Behavior\ContentReplaceBehavior [ RunTime:0.000072s ]
INFO: [ template_filter ] --END-- [ RunTime:0.000146s ]
INFO: Run Behavior\ParseTemplateBehavior [ RunTime:0.009273s ]
INFO: [ view_parse ] --END-- [ RunTime:0.009385s ]
INFO: [ view_filter ] --START--
INFO: Run Behavior\WriteHtmlCacheBehavior [ RunTime:0.000129s ]
INFO: [ view_filter ] --END-- [ RunTime:0.000190s ]
INFO: [ app_end ] --START--
INFO: Run Behavior\ShowPageTraceBehavior [ RunTime:0.000291s ]
INFO: [ app_end ] --END-- [ RunTime:0.000354s ]

[ 2017-01-09T17:40:56+08:00 ] ::1 /ling_test/admin/user/personalInfo
INFO: [ app_init ] --START--
INFO: Run Behavior\BuildLiteBehavior [ RunTime:0.000021s ]
INFO: [ app_init ] --END-- [ RunTime:0.000298s ]
INFO: [ app_begin ] --START--
INFO: Run Behavior\ReadHtmlCacheBehavior [ RunTime:0.000281s ]
INFO: [ app_begin ] --END-- [ RunTime:0.000367s ]
SQL: SHOW COLUMNS FROM `think_user` [ RunTime:0.0137s ]
SQL: SHOW COLUMNS FROM `think_role_user` [ RunTime:0.0103s ]
SQL: SHOW COLUMNS FROM `think_role` [ RunTime:0.0116s ]
SQL: SHOW COLUMNS FROM `think_access` [ RunTime:0.0109s ]
SQL: SELECT * FROM `think_user` WHERE `id` = 2 LIMIT 1   [ RunTime:0.2232s ]
INFO: <define>:<Admin><User><personalinfo>:2017-01-09 17:40:56:array (
  'd2d977c58444271d9c780187e93f80e5' => 
  array (
    'verify_code' => 'eccaa6ef2718e1d7b55a6c059af93db0',
    'verify_time' => 1483931913,
  ),
  'user' => 
  array (
    'userId' => '2',
    'userName' => 'ling',
    'roleId' => '1',
    'roleName' => '超级管理员',
    'nodeListIndex' => 
    array (
      'Admin' => 
      array (
        'User' => 
        array (
          'users' => '3',
          'add' => '4',
          'edit' => '5',
          'delete' => '6',
          'excel' => '7',
        ),
        'Role' => 
        array (
          'roles' => '9',
          'add' => '10',
          'delete' => '11',
          'assignnode' => '12',
          'excel' => '13',
        ),
        'Node' => 
        array (
          'nodes' => '15',
          'add' => '16',
          'edit' => '17',
          'delete' => '18',
        ),
        'Menu' => 
        array (
          'menus' => '20',
          'add' => '21',
          'edit' => '22',
          'delete' => '23',
        ),
      ),
      'Ling' => 
      array (
        'Test' => 
        array (
          'testone' => '26',
          'test_one' => '27',
        ),
      ),
    ),
    'menuAccessList' => 
    array (
      0 => 
      array (
        'id' => '1',
        'node_id' => '0',
        'title' => '系统管理',
        'sort' => '0',
        'pid' => '0',
        'level' => '1',
        'path' => '',
        'is_show' => '1',
        'child' => 
        array (
          0 => 
          array (
            'id' => '2',
            'node_id' => '3',
            'title' => '用户管理',
            'sort' => '0',
            'pid' => '1',
            'level' => '2',
            'path' => '/Admin/User/users',
            'is_show' => '1',
          ),
          1 => 
          array (
            'id' => '3',
            'node_id' => '9',
            'title' => '角色管理',
            'sort' => '0',
            'pid' => '1',
            'level' => '2',
            'path' => '/Admin/Role/roles',
            'is_show' => '1',
          ),
          2 => 
          array (
            'id' => '4',
            'node_id' => '15',
            'title' => '节点管理',
            'sort' => '0',
            'pid' => '1',
            'level' => '2',
            'path' => '/Admin/Node/nodes',
            'is_show' => '1',
          ),
          3 => 
          array (
            'id' => '5',
            'node_id' => '20',
            'title' => '菜单管理',
            'sort' => '0',
            'pid' => '1',
            'level' => '2',
            'path' => '/Admin/Menu/menus',
            'is_show' => '1',
          ),
        ),
      ),
      1 => 
      array (
        'id' => '6',
        'node_id' => '0',
        'title' => '测试模块',
        'sort' => '0',
        'pid' => '0',
        'level' => '1',
        'path' => '',
        'is_show' => '1',
        'child' => 
        array (
          0 => 
          array (
            'id' => '7',
            'node_id' => '26',
            'title' => '大小测试',
            'sort' => '0',
            'pid' => '6',
            'level' => '2',
            'path' => '/Ling/Test/testOne',
            'is_show' => '1',
          ),
        ),
      ),
    ),
  ),
  'selectMenu1Id' => '1',
  'selectMenu2Id' => '2',
)
INFO: [ view_parse ] --START--
INFO: [ template_filter ] --START--
INFO: Run Behavior\ContentReplaceBehavior [ RunTime:0.000068s ]
INFO: [ template_filter ] --END-- [ RunTime:0.000135s ]
INFO: Run Behavior\ParseTemplateBehavior [ RunTime:0.007381s ]
INFO: [ view_parse ] --END-- [ RunTime:0.007454s ]
INFO: [ view_filter ] --START--
INFO: Run Behavior\WriteHtmlCacheBehavior [ RunTime:0.000123s ]
INFO: [ view_filter ] --END-- [ RunTime:0.000183s ]
INFO: [ app_end ] --START--
INFO: Run Behavior\ShowPageTraceBehavior [ RunTime:0.000278s ]
INFO: [ app_end ] --END-- [ RunTime:0.000340s ]

[ 2017-01-09T17:46:17+08:00 ] ::1 /ling_test/admin/user/personalInfo
INFO: [ app_init ] --START--
INFO: Run Behavior\BuildLiteBehavior [ RunTime:0.000037s ]
INFO: [ app_init ] --END-- [ RunTime:0.000436s ]
INFO: [ app_begin ] --START--
INFO: Run Behavior\ReadHtmlCacheBehavior [ RunTime:0.000571s ]
INFO: [ app_begin ] --END-- [ RunTime:0.000669s ]
SQL: SHOW COLUMNS FROM `think_user` [ RunTime:0.0117s ]
SQL: SHOW COLUMNS FROM `think_role_user` [ RunTime:0.0103s ]
SQL: SHOW COLUMNS FROM `think_role` [ RunTime:0.0147s ]
SQL: SHOW COLUMNS FROM `think_access` [ RunTime:0.0105s ]
SQL: SELECT * FROM `think_user` WHERE `id` = 2 LIMIT 1   [ RunTime:0.0104s ]
INFO: <define>:<Admin><User><personalinfo>:2017-01-09 17:46:17:array (
  'd2d977c58444271d9c780187e93f80e5' => 
  array (
    'verify_code' => 'eccaa6ef2718e1d7b55a6c059af93db0',
    'verify_time' => 1483931913,
  ),
  'user' => 
  array (
    'userId' => '2',
    'userName' => 'ling',
    'roleId' => '1',
    'roleName' => '超级管理员',
    'nodeListIndex' => 
    array (
      'Admin' => 
      array (
        'User' => 
        array (
          'users' => '3',
          'add' => '4',
          'edit' => '5',
          'delete' => '6',
          'excel' => '7',
        ),
        'Role' => 
        array (
          'roles' => '9',
          'add' => '10',
          'delete' => '11',
          'assignnode' => '12',
          'excel' => '13',
        ),
        'Node' => 
        array (
          'nodes' => '15',
          'add' => '16',
          'edit' => '17',
          'delete' => '18',
        ),
        'Menu' => 
        array (
          'menus' => '20',
          'add' => '21',
          'edit' => '22',
          'delete' => '23',
        ),
      ),
      'Ling' => 
      array (
        'Test' => 
        array (
          'testone' => '26',
          'test_one' => '27',
        ),
      ),
    ),
    'menuAccessList' => 
    array (
      0 => 
      array (
        'id' => '1',
        'node_id' => '0',
        'title' => '系统管理',
        'sort' => '0',
        'pid' => '0',
        'level' => '1',
        'path' => '',
        'is_show' => '1',
        'child' => 
        array (
          0 => 
          array (
            'id' => '2',
            'node_id' => '3',
            'title' => '用户管理',
            'sort' => '0',
            'pid' => '1',
            'level' => '2',
            'path' => '/Admin/User/users',
            'is_show' => '1',
          ),
          1 => 
          array (
            'id' => '3',
            'node_id' => '9',
            'title' => '角色管理',
            'sort' => '0',
            'pid' => '1',
            'level' => '2',
            'path' => '/Admin/Role/roles',
            'is_show' => '1',
          ),
          2 => 
          array (
            'id' => '4',
            'node_id' => '15',
            'title' => '节点管理',
            'sort' => '0',
            'pid' => '1',
            'level' => '2',
            'path' => '/Admin/Node/nodes',
            'is_show' => '1',
          ),
          3 => 
          array (
            'id' => '5',
            'node_id' => '20',
            'title' => '菜单管理',
            'sort' => '0',
            'pid' => '1',
            'level' => '2',
            'path' => '/Admin/Menu/menus',
            'is_show' => '1',
          ),
        ),
      ),
      1 => 
      array (
        'id' => '6',
        'node_id' => '0',
        'title' => '测试模块',
        'sort' => '0',
        'pid' => '0',
        'level' => '1',
        'path' => '',
        'is_show' => '1',
        'child' => 
        array (
          0 => 
          array (
            'id' => '7',
            'node_id' => '26',
            'title' => '大小测试',
            'sort' => '0',
            'pid' => '6',
            'level' => '2',
            'path' => '/Ling/Test/testOne',
            'is_show' => '1',
          ),
        ),
      ),
    ),
  ),
  'selectMenu1Id' => '1',
  'selectMenu2Id' => '2',
)
INFO: [ view_parse ] --START--
INFO: [ template_filter ] --START--
INFO: Run Behavior\ContentReplaceBehavior [ RunTime:0.000070s ]
INFO: [ template_filter ] --END-- [ RunTime:0.000142s ]
INFO: Run Behavior\ParseTemplateBehavior [ RunTime:0.007400s ]
INFO: [ view_parse ] --END-- [ RunTime:0.007472s ]
INFO: [ view_filter ] --START--
INFO: Run Behavior\WriteHtmlCacheBehavior [ RunTime:0.000124s ]
INFO: [ view_filter ] --END-- [ RunTime:0.000185s ]
INFO: [ app_end ] --START--
INFO: Run Behavior\ShowPageTraceBehavior [ RunTime:0.000280s ]
INFO: [ app_end ] --END-- [ RunTime:0.000344s ]

[ 2017-01-09T17:46:29+08:00 ] ::1 /ling_test/admin/user/personalInfo
INFO: [ app_init ] --START--
INFO: Run Behavior\BuildLiteBehavior [ RunTime:0.000018s ]
INFO: [ app_init ] --END-- [ RunTime:0.000264s ]
INFO: [ app_begin ] --START--
INFO: Run Behavior\ReadHtmlCacheBehavior [ RunTime:0.000276s ]
INFO: [ app_begin ] --END-- [ RunTime:0.000346s ]
SQL: SHOW COLUMNS FROM `think_user` [ RunTime:0.0113s ]
SQL: SHOW COLUMNS FROM `think_role_user` [ RunTime:0.0097s ]
SQL: SHOW COLUMNS FROM `think_role` [ RunTime:0.0113s ]
SQL: SHOW COLUMNS FROM `think_access` [ RunTime:0.0101s ]
SQL: SELECT * FROM `think_user` WHERE `id` = 2 LIMIT 1   [ RunTime:0.0103s ]
INFO: <define>:<Admin><User><personalinfo>:2017-01-09 17:46:29:array (
  'd2d977c58444271d9c780187e93f80e5' => 
  array (
    'verify_code' => 'eccaa6ef2718e1d7b55a6c059af93db0',
    'verify_time' => 1483931913,
  ),
  'user' => 
  array (
    'userId' => '2',
    'userName' => 'ling',
    'roleId' => '1',
    'roleName' => '超级管理员',
    'nodeListIndex' => 
    array (
      'Admin' => 
      array (
        'User' => 
        array (
          'users' => '3',
          'add' => '4',
          'edit' => '5',
          'delete' => '6',
          'excel' => '7',
        ),
        'Role' => 
        array (
          'roles' => '9',
          'add' => '10',
          'delete' => '11',
          'assignnode' => '12',
          'excel' => '13',
        ),
        'Node' => 
        array (
          'nodes' => '15',
          'add' => '16',
          'edit' => '17',
          'delete' => '18',
        ),
        'Menu' => 
        array (
          'menus' => '20',
          'add' => '21',
          'edit' => '22',
          'delete' => '23',
        ),
      ),
      'Ling' => 
      array (
        'Test' => 
        array (
          'testone' => '26',
          'test_one' => '27',
        ),
      ),
    ),
    'menuAccessList' => 
    array (
      0 => 
      array (
        'id' => '1',
        'node_id' => '0',
        'title' => '系统管理',
        'sort' => '0',
        'pid' => '0',
        'level' => '1',
        'path' => '',
        'is_show' => '1',
        'child' => 
        array (
          0 => 
          array (
            'id' => '2',
            'node_id' => '3',
            'title' => '用户管理',
            'sort' => '0',
            'pid' => '1',
            'level' => '2',
            'path' => '/Admin/User/users',
            'is_show' => '1',
          ),
          1 => 
          array (
            'id' => '3',
            'node_id' => '9',
            'title' => '角色管理',
            'sort' => '0',
            'pid' => '1',
            'level' => '2',
            'path' => '/Admin/Role/roles',
            'is_show' => '1',
          ),
          2 => 
          array (
            'id' => '4',
            'node_id' => '15',
            'title' => '节点管理',
            'sort' => '0',
            'pid' => '1',
            'level' => '2',
            'path' => '/Admin/Node/nodes',
            'is_show' => '1',
          ),
          3 => 
          array (
            'id' => '5',
            'node_id' => '20',
            'title' => '菜单管理',
            'sort' => '0',
            'pid' => '1',
            'level' => '2',
            'path' => '/Admin/Menu/menus',
            'is_show' => '1',
          ),
        ),
      ),
      1 => 
      array (
        'id' => '6',
        'node_id' => '0',
        'title' => '测试模块',
        'sort' => '0',
        'pid' => '0',
        'level' => '1',
        'path' => '',
        'is_show' => '1',
        'child' => 
        array (
          0 => 
          array (
            'id' => '7',
            'node_id' => '26',
            'title' => '大小测试',
            'sort' => '0',
            'pid' => '6',
            'level' => '2',
            'path' => '/Ling/Test/testOne',
            'is_show' => '1',
          ),
        ),
      ),
    ),
  ),
  'selectMenu1Id' => '1',
  'selectMenu2Id' => '2',
)
INFO: [ view_parse ] --START--
INFO: [ template_filter ] --START--
INFO: Run Behavior\ContentReplaceBehavior [ RunTime:0.000069s ]
INFO: [ template_filter ] --END-- [ RunTime:0.000137s ]
INFO: Run Behavior\ParseTemplateBehavior [ RunTime:0.007569s ]
INFO: [ view_parse ] --END-- [ RunTime:0.007650s ]
INFO: [ view_filter ] --START--
INFO: Run Behavior\WriteHtmlCacheBehavior [ RunTime:0.000125s ]
INFO: [ view_filter ] --END-- [ RunTime:0.000184s ]
INFO: [ app_end ] --START--
INFO: Run Behavior\ShowPageTraceBehavior [ RunTime:0.000322s ]
INFO: [ app_end ] --END-- [ RunTime:0.000389s ]

